!	 	 	Ambt_to_Room1	Ambt_to_Room4	Corridor_to_Room1	Corridor_to_Room4	Ambt_to_Room2	Ambt_to_Room5	Corridor_to_Room2	Corridor_to_Room5	Corridor_to_Room3	Corridor_to_Room6	Ambt_to_Room3	Ambt_to_Room6
!Date	Time	[s]	sm^3/h	sm^3/h	sm^3/h	sm^3/h	sm^3/h	sm^3/h	sm^3/h	sm^3/h	sm^3/h	sm^3/h	sm^3/h	sm^3/h
9/29	09:00:00	32400	5.385548e-01	7.234925e-01	5.091373e-02	-1.404324e-01	-3.790096e-01	-1.801889e-01	1.422952e-01	-5.004434e-02	1.772527e-01	4.651985e-03	-5.300087e-01	-3.574789e-01
9/29	09:01:00	32460	5.820240e-01	8.045906e-01	7.291859e-02	-1.605422e-01	-4.208584e-01	-1.797958e-01	1.637965e-01	-6.930381e-02	1.994195e-01	-8.077553e-03	-5.973002e-01	-3.868712e-01
9/29	09:02:00	32520	6.236314e-01	8.896815e-01	9.914730e-02	-1.803453e-01	-4.638586e-01	-1.757563e-01	1.854653e-01	-9.232830e-02	2.228214e-01	-2.392396e-02	-6.672067e-01	-4.173277e-01
9/29	09:03:00	32580	6.639326e-01	9.798623e-01	1.305887e-01	-2.017306e-01	-5.090668e-01	-1.671266e-01	2.089737e-01	-1.197253e-01	2.480846e-01	-4.356536e-02	-7.425128e-01	-4.477144e-01
9/29	09:04:00	32640	7.031780e-01	1.075064e+00	1.627019e-01	-2.249680e-01	-5.563339e-01	-1.537477e-01	2.364609e-01	-1.500628e-01	2.770262e-01	-6.777471e-02	-8.230389e-01	-4.785111e-01
9/29	09:05:00	32700	7.415499e-01	1.175171e+00	1.945036e-01	-2.521031e-01	-6.055164e-01	-1.355480e-01	2.681229e-01	-1.764317e-01	3.098529e-01	-1.008453e-01	-9.085135e-01	-5.102423e-01
9/29	09:06:00	32760	7.783534e-01	1.280410e+00	2.296289e-01	-2.814676e-01	-6.569257e-01	-1.121488e-01	3.030871e-01	-2.050016e-01	3.459241e-01	-1.406820e-01	-1.000069e+00	-5.411103e-01
9/29	09:07:00	32820	8.117415e-01	1.385614e+00	2.703544e-01	-3.173803e-01	-7.115310e-01	-8.727217e-02	3.434090e-01	-2.415186e-01	3.872717e-01	-1.804180e-01	-1.101246e+00	-5.590248e-01
9/29	09:08:00	32880	8.427980e-01	1.494431e+00	3.141652e-01	-3.568683e-01	-7.686974e-01	-5.807653e-02	3.868679e-01	-2.816904e-01	4.316629e-01	-2.217664e-01	-1.206797e+00	-5.760281e-01
9/29	09:09:00	32940	8.692815e-01	1.604952e+00	3.588504e-01	-3.978798e-01	-8.296348e-01	-2.581923e-02	4.312066e-01	-3.231696e-01	4.765559e-01	-2.638414e-01	-1.306260e+00	-5.942413e-01
9/29	09:10:00	33000	8.932828e-01	1.719150e+00	4.067723e-01	-4.423956e-01	-8.931140e-01	1.130408e-02	4.787956e-01	-3.682075e-01	5.246633e-01	-3.093424e-01	-1.410400e+00	-6.105081e-01
9/29	09:11:00	33060	9.146514e-01	1.837428e+00	4.580319e-01	-4.905559e-01	-9.591770e-01	5.369470e-02	5.297317e-01	-4.169143e-01	5.760874e-01	-3.583765e-01	-1.519325e+00	-6.252751e-01
9/29	09:12:00	33120	9.334008e-01	1.959762e+00	5.125623e-01	-5.423072e-01	-1.027779e+00	1.010462e-01	5.839559e-01	-4.692104e-01	6.307767e-01	-4.108908e-01	-1.632917e+00	-6.383992e-01
9/29	09:13:00	33180	9.494777e-01	2.085906e+00	5.703707e-01	-5.976554e-01	-1.098914e+00	1.535053e-01	6.414761e-01	-5.251039e-01	6.887433e-01	-4.669169e-01	-1.751154e+00	-6.497344e-01
9/29	09:14:00	33240	9.628088e-01	2.215823e+00	6.314881e-01	-6.566376e-01	-1.172587e+00	2.111614e-01	7.023211e-01	-5.846283e-01	7.500194e-01	-5.265035e-01	-1.874050e+00	-6.592147e-01
9/29	09:15:00	33300	9.733256e-01	2.349479e+00	6.959401e-01	-7.192837e-01	-1.248802e+00	2.741016e-01	7.665152e-01	-6.478112e-01	8.146319e-01	-5.896899e-01	-2.001615e+00	-6.667722e-01
9/29	09:16:00	33360	9.809620e-01	2.486823e+00	7.637566e-01	-7.856321e-01	-1.327562e+00	3.423968e-01	8.340863e-01	-7.146912e-01	8.826103e-01	-6.565253e-01	-2.133854e+00	-6.723582e-01
9/29	09:17:00	33420	9.893435e-01	2.635767e+00	8.313285e-01	-8.522931e-01	-1.406959e+00	4.090142e-01	9.015812e-01	-7.812517e-01	9.505453e-01	-7.224753e-01	-2.265839e+00	-6.887618e-01
9/29	09:18:00	33480	1.000394e+00	2.773838e+00	8.968063e-01	-9.164286e-01	-1.486004e+00	4.719305e-01	9.671925e-01	-8.453941e-01	1.016642e+00	-7.862481e-01	-2.395030e+00	-6.976979e-01
9/29	09:19:00	33540	1.010260e+00	2.913880e+00	9.639974e-01	-9.823975e-01	-1.566689e+00	5.372534e-01	1.034544e+00	-9.113477e-01	1.084475e+00	-8.518128e-01	-2.526588e+00	-7.055748e-01
9/29	09:20:00	33600	1.018704e+00	3.055900e+00	1.032297e+00	-1.050312e+00	-1.648967e+00	6.050490e-01	1.103992e+00	-9.791033e-01	1.154377e+00	-9.191652e-01	-2.660403e+00	-7.123685e-01
9/29	09:21:00	33660	1.025796e+00	3.199623e+00	1.102065e+00	-1.120904e+00	-1.732868e+00	6.754592e-01	1.175366e+00	-1.048313e+00	1.226194e+00	-9.879689e-01	-2.796552e+00	-7.178959e-01
9/29	09:22:00	33720	1.031588e+00	3.345400e+00	1.173620e+00	-1.193380e+00	-1.818424e+00	7.483945e-01	1.248532e+00	-1.119411e+00	1.299798e+00	-1.058652e+00	-2.935114e+00	-7.223505e-01
9/29	09:23:00	33780	1.036057e+00	3.493230e+00	1.246969e+00	-1.267750e+00	-1.905633e+00	8.238806e-01	1.323499e+00	-1.192410e+00	1.375199e+00	-1.131228e+00	-3.076091e+00	-7.257224e-01
9/29	09:24:00	33840	1.039181e+00	3.643106e+00	1.322122e+00	-1.344020e+00	-1.994495e+00	9.019380e-01	1.400270e+00	-1.267316e+00	1.452402e+00	-1.205708e+00	-3.219481e+00	-7.280005e-01
9/29	09:25:00	33900	1.040943e+00	3.794987e+00	1.399082e+00	-1.422259e+00	-2.085006e+00	9.825638e-01	1.478852e+00	-1.344206e+00	1.531410e+00	-1.281966e+00	-3.365280e+00	-7.291195e-01
9/29	09:26:00	33960	1.041318e+00	3.948732e+00	1.477860e+00	-1.502743e+00	-2.177168e+00	1.065693e+00	1.559252e+00	-1.423386e+00	1.612231e+00	-1.359458e+00	-3.513493e+00	-7.288395e-01
9/29	09:27:00	34020	1.040302e+00	4.104485e+00	1.558449e+00	-1.585139e+00	-2.270972e+00	1.151436e+00	1.641462e+00	-1.504487e+00	1.694859e+00	-1.438861e+00	-3.664100e+00	-7.274342e-01
9/29	09:28:00	34080	1.037810e+00	4.262217e+00	1.640662e+00	-1.669438e+00	-2.366452e+00	1.239796e+00	1.725288e+00	-1.587502e+00	1.779640e+00	-1.520167e+00	-3.816948e+00	-7.249047e-01
9/29	09:29:00	34140	1.033846e+00	4.421913e+00	1.724541e+00	-1.755643e+00	-2.463595e+00	1.330780e+00	1.810773e+00	-1.672432e+00	1.866493e+00	-1.603380e+00	-3.972059e+00	-7.212386e-01
9/29	09:30:00	34200	1.028456e+00	4.583565e+00	1.810227e+00	-1.843757e+00	-2.562367e+00	1.424400e+00	1.898062e+00	-1.759285e+00	1.955153e+00	-1.688506e+00	-4.129530e+00	-7.164173e-01
9/29	09:31:00	34260	1.021630e+00	4.747154e+00	1.897716e+00	-1.933780e+00	-2.662764e+00	1.520661e+00	1.987151e+00	-1.848058e+00	2.045616e+00	-1.775544e+00	-4.289349e+00	-7.104325e-01
9/29	09:32:00	34320	1.013360e+00	4.912660e+00	1.987006e+00	-2.025708e+00	-2.764781e+00	1.619566e+00	2.078038e+00	-1.938750e+00	2.137881e+00	-1.864493e+00	-4.451504e+00	-7.032744e-01
9/29	09:33:00	34380	1.003640e+00	5.080065e+00	2.078093e+00	-2.119540e+00	-2.868411e+00	1.721119e+00	2.170720e+00	-2.031358e+00	2.231941e+00	-1.955351e+00	-4.615984e+00	-6.949354e-01
9/29	09:34:00	34440	1.008514e+00	5.223932e+00	2.148566e+00	-2.195981e+00	-2.937840e+00	1.813034e+00	2.243005e+00	-2.106436e+00	2.306218e+00	-2.028230e+00	-4.768464e+00	-7.063190e-01
9/29	09:35:00	34500	1.020570e+00	5.355212e+00	2.208308e+00	-2.263532e+00	-2.988689e+00	1.900920e+00	2.304646e+00	-2.172582e+00	2.370183e+00	-2.091938e+00	-4.915017e+00	-7.280782e-01
9/29	09:36:00	34560	1.031886e+00	5.486215e+00	2.268245e+00	-2.331596e+00	-3.038377e+00	1.990815e+00	2.366455e+00	-2.239282e+00	2.434345e+00	-2.156181e+00	-5.062554e+00	-7.499704e-01
9/29	09:37:00	34620	1.042447e+00	5.616883e+00	2.328357e+00	-2.400156e+00	-3.086866e+00	2.082722e+00	2.428411e+00	-2.306519e+00	2.498685e+00	-2.220945e+00	-5.211036e+00	-7.719854e-01
9/29	09:38:00	34680	1.052237e+00	5.747158e+00	2.388628e+00	-2.469197e+00	-3.134120e+00	2.176644e+00	2.490496e+00	-2.374279e+00	2.563182e+00	-2.286214e+00	-5.360423e+00	-7.941121e-01
9/29	09:39:00	34740	1.061237e+00	5.876978e+00	2.449038e+00	-2.538701e+00	-3.180105e+00	2.272583e+00	2.552690e+00	-2.442546e+00	2.627817e+00	-2.351974e+00	-5.510676e+00	-8.163403e-01
9/29	09:40:00	34800	1.069430e+00	6.006285e+00	2.509567e+00	-2.608652e+00	-3.224782e+00	2.370542e+00	2.614972e+00	-2.511305e+00	2.692569e+00	-2.418212e+00	-5.661757e+00	-8.386582e-01
9/29	09:41:00	34860	1.076800e+00	6.135016e+00	2.570199e+00	-2.679034e+00	-3.268117e+00	2.470523e+00	2.677323e+00	-2.580540e+00	2.757419e+00	-2.484912e+00	-5.813624e+00	-8.610545e-01
9/29	09:42:00	34920	1.083330e+00	6.263110e+00	2.630911e+00	-2.749829e+00	-3.310070e+00	2.572531e+00	2.739722e+00	-2.650235e+00	2.822344e+00	-2.552058e+00	-5.966237e+00	-8.835186e-01
9/29	09:43:00	34980	1.089000e+00	6.390501e+00	2.691686e+00	-2.821020e+00	-3.350605e+00	2.676567e+00	2.802149e+00	-2.720375e+00	2.887324e+00	-2.619636e+00	-6.119554e+00	-9.060364e-01
9/29	09:44:00	35040	1.093794e+00	6.517121e+00	2.752502e+00	-2.892589e+00	-3.389682e+00	2.782636e+00	2.864581e+00	-2.790942e+00	2.952336e+00	-2.687630e+00	-6.273532e+00	-9.285971e-01
9/29	09:45:00	35100	1.097695e+00	6.642909e+00	2.813340e+00	-2.964519e+00	-3.427264e+00	2.890742e+00	2.926998e+00	-2.861920e+00	3.017360e+00	-2.756024e+00	-6.428130e+00	-9.511878e-01
9/29	09:46:00	35160	1.100684e+00	6.767791e+00	2.874179e+00	-3.036790e+00	-3.463311e+00	3.000886e+00	2.989378e+00	-2.933291e+00	3.082373e+00	-2.824802e+00	-6.583303e+00	-9.737951e-01
9/29	09:47:00	35220	1.102742e+00	6.891701e+00	2.934998e+00	-3.109385e+00	-3.497783e+00	3.113076e+00	3.051699e+00	-3.005039e+00	3.147352e+00	-2.893947e+00	-6.739008e+00	-9.964045e-01
9/29	09:48:00	35280	1.103852e+00	7.014562e+00	2.995774e+00	-3.182284e+00	-3.530640e+00	3.227315e+00	3.113937e+00	-3.077146e+00	3.212274e+00	-2.963444e+00	-6.895197e+00	-1.019003e+00
9/29	09:49:00	35340	1.103994e+00	7.136300e+00	3.056485e+00	-3.255467e+00	-3.561837e+00	3.343606e+00	3.176069e+00	-3.149591e+00	3.277114e+00	-3.033273e+00	-7.051823e+00	-1.041574e+00
9/29	09:50:00	35400	1.103150e+00	7.256838e+00	3.117109e+00	-3.328914e+00	-3.591335e+00	3.461956e+00	3.238070e+00	-3.222358e+00	3.341849e+00	-3.103418e+00	-7.208843e+00	-1.064105e+00
9/29	09:51:00	35460	1.101300e+00	7.376096e+00	3.177621e+00	-3.402604e+00	-3.619088e+00	3.582371e+00	3.299917e+00	-3.295427e+00	3.406452e+00	-3.173859e+00	-7.366202e+00	-1.086576e+00
9/29	09:52:00	35520	1.098426e+00	7.493989e+00	3.237997e+00	-3.476515e+00	-3.645051e+00	3.704854e+00	3.361582e+00	-3.368777e+00	3.470898e+00	-3.244579e+00	-7.523852e+00	-1.108973e+00
9/29	09:53:00	35580	1.094508e+00	7.610432e+00	3.298213e+00	-3.550625e+00	-3.669179e+00	3.829415e+00	3.423041e+00	-3.442387e+00	3.535160e+00	-3.315558e+00	-7.681743e+00	-1.131277e+00
9/29	09:54:00	35640	1.089525e+00	7.725334e+00	3.358242e+00	-3.624911e+00	-3.691424e+00	3.956057e+00	3.484265e+00	-3.516236e+00	3.599210e+00	-3.386774e+00	-7.839818e+00	-1.153469e+00
9/29	09:55:00	35700	1.083458e+00	7.838598e+00	3.418056e+00	-3.699348e+00	-3.711736e+00	4.084789e+00	3.545226e+00	-3.590301e+00	3.663018e+00	-3.458207e+00	-7.998021e+00	-1.175530e+00
9/29	09:56:00	35760	1.076286e+00	7.950129e+00	3.477628e+00	-3.773913e+00	-3.730065e+00	4.215620e+00	3.605895e+00	-3.664560e+00	3.726555e+00	-3.529836e+00	-8.156299e+00	-1.197439e+00
9/29	09:57:00	35820	1.067989e+00	8.059819e+00	3.536928e+00	-3.848577e+00	-3.746359e+00	4.348556e+00	3.666240e+00	-3.738988e+00	3.789790e+00	-3.601637e+00	-8.314589e+00	-1.219174e+00
9/29	09:58:00	35880	1.058545e+00	8.167562e+00	3.595926e+00	-3.923314e+00	-3.760562e+00	4.483608e+00	3.726231e+00	-3.813559e+00	3.852690e+00	-3.673586e+00	-8.472830e+00	-1.240710e+00
9/29	09:59:00	35940	1.047934e+00	8.273239e+00	3.654590e+00	-3.998096e+00	-3.772619e+00	4.620785e+00	3.785832e+00	-3.888246e+00	3.915221e+00	-3.745659e+00	-8.630958e+00	-1.262024e+00
9/29	10:00:00	36000	1.036134e+00	8.376726e+00	3.712884e+00	-4.072889e+00	-3.782470e+00	4.760098e+00	3.845009e+00	-3.963021e+00	3.977346e+00	-3.817827e+00	-8.788901e+00	-1.283087e+00
9/29	10:01:00	36060	1.044605e+00	8.445725e+00	3.743404e+00	-4.106370e+00	-3.813562e+00	4.799215e+00	3.876613e+00	-3.995595e+00	4.010037e+00	-3.849206e+00	-8.861200e+00	-1.293697e+00
9/29	10:02:00	36120	1.053104e+00	8.514841e+00	3.773998e+00	-4.139932e+00	-3.844698e+00	4.838398e+00	3.908293e+00	-4.028248e+00	4.042808e+00	-3.880660e+00	-8.933607e+00	-1.304326e+00
9/29	10:03:00	36180	1.061618e+00	8.584075e+00	3.804642e+00	-4.173550e+00	-3.875887e+00	4.877647e+00	3.940027e+00	-4.060955e+00	4.075633e+00	-3.912167e+00	-9.006135e+00	-1.314976e+00
9/29	10:04:00	36240	1.070145e+00	8.653426e+00	3.835339e+00	-4.207225e+00	-3.907128e+00	4.916961e+00	3.971814e+00	-4.093718e+00	4.108513e+00	-3.943727e+00	-9.078784e+00	-1.325643e+00
9/29	10:05:00	36300	1.078686e+00	8.722896e+00	3.866087e+00	-4.240957e+00	-3.938421e+00	4.956340e+00	4.003654e+00	-4.126536e+00	4.141450e+00	-3.975340e+00	-9.151557e+00	-1.336329e+00
9/29	10:06:00	36360	1.087240e+00	8.792481e+00	3.896886e+00	-4.274744e+00	-3.969765e+00	4.995784e+00	4.035547e+00	-4.159408e+00	4.174440e+00	-4.007005e+00	-9.224449e+00	-1.347035e+00
9/29	10:07:00	36420	1.095809e+00	8.862184e+00	3.927735e+00	-4.308587e+00	-4.001161e+00	5.035293e+00	4.067493e+00	-4.192334e+00	4.207485e+00	-4.038722e+00	-9.297462e+00	-1.357758e+00
9/29	10:08:00	36480	1.104390e+00	8.932001e+00	3.958636e+00	-4.342485e+00	-4.032608e+00	5.074865e+00	4.099491e+00	-4.225315e+00	4.240584e+00	-4.070491e+00	-9.370594e+00	-1.368500e+00
9/29	10:09:00	36540	1.112985e+00	9.001933e+00	3.989586e+00	-4.376439e+00	-4.064106e+00	5.114502e+00	4.131542e+00	-4.258348e+00	4.273737e+00	-4.102312e+00	-9.443845e+00	-1.379260e+00
9/29	10:10:00	36600	1.121594e+00	9.071980e+00	4.020587e+00	-4.410448e+00	-4.095653e+00	5.154202e+00	4.163643e+00	-4.291436e+00	4.306944e+00	-4.134184e+00	-9.517215e+00	-1.390038e+00
9/29	10:11:00	36660	1.130215e+00	9.142140e+00	4.051637e+00	-4.444511e+00	-4.127251e+00	5.193965e+00	4.195797e+00	-4.324576e+00	4.340203e+00	-4.166108e+00	-9.590701e+00	-1.400835e+00
9/29	10:12:00	36720	1.138850e+00	9.212414e+00	4.082737e+00	-4.478629e+00	-4.158899e+00	5.233791e+00	4.228002e+00	-4.357769e+00	4.373516e+00	-4.198082e+00	-9.664305e+00	-1.411650e+00
9/29	10:13:00	36780	1.147498e+00	9.282801e+00	4.113886e+00	-4.512801e+00	-4.190597e+00	5.273680e+00	4.260257e+00	-4.391016e+00	4.406882e+00	-4.230107e+00	-9.738025e+00	-1.422482e+00
9/29	10:14:00	36840	1.156160e+00	9.353299e+00	4.145084e+00	-4.547027e+00	-4.222344e+00	5.313632e+00	4.292564e+00	-4.424314e+00	4.440300e+00	-4.262182e+00	-9.811862e+00	-1.433333e+00
9/29	10:15:00	36900	1.164833e+00	9.423909e+00	4.176331e+00	-4.581306e+00	-4.254141e+00	5.353644e+00	4.324921e+00	-4.457664e+00	4.473770e+00	-4.294307e+00	-9.885813e+00	-1.444201e+00
9/29	10:16:00	36960	1.173521e+00	9.494630e+00	4.207626e+00	-4.615637e+00	-4.285985e+00	5.393718e+00	4.357328e+00	-4.491066e+00	4.507292e+00	-4.326482e+00	-9.959878e+00	-1.455087e+00
9/29	10:17:00	37020	1.182221e+00	9.565463e+00	4.238971e+00	-4.650023e+00	-4.317881e+00	5.433855e+00	4.389786e+00	-4.524519e+00	4.540866e+00	-4.358708e+00	-1.003406e+01	-1.465991e+00
9/29	10:18:00	37080	1.190933e+00	9.636404e+00	4.270362e+00	-4.684461e+00	-4.349823e+00	5.474051e+00	4.422293e+00	-4.558024e+00	4.574492e+00	-4.390982e+00	-1.010835e+01	-1.476912e+00
9/29	10:19:00	37140	1.199659e+00	9.707455e+00	4.301802e+00	-4.718952e+00	-4.381814e+00	5.514307e+00	4.454849e+00	-4.591579e+00	4.608168e+00	-4.423305e+00	-1.018276e+01	-1.487851e+00
9/29	10:20:00	37200	1.208397e+00	9.778615e+00	4.333289e+00	-4.753495e+00	-4.413853e+00	5.554626e+00	4.487454e+00	-4.625186e+00	4.641895e+00	-4.455677e+00	-1.025728e+01	-1.498807e+00
9/29	10:21:00	37260	1.217148e+00	9.849883e+00	4.364823e+00	-4.788089e+00	-4.445939e+00	5.595003e+00	4.520109e+00	-4.658843e+00	4.675673e+00	-4.488097e+00	-1.033191e+01	-1.509780e+00
9/29	10:22:00	37320	1.225911e+00	9.921259e+00	4.396405e+00	-4.822736e+00	-4.478072e+00	5.635440e+00	4.552812e+00	-4.692549e+00	4.709502e+00	-4.520566e+00	-1.040665e+01	-1.520771e+00
9/29	10:23:00	37380	1.234687e+00	9.992741e+00	4.428033e+00	-4.857433e+00	-4.510253e+00	5.675936e+00	4.585563e+00	-4.726306e+00	4.743380e+00	-4.553082e+00	-1.048150e+01	-1.531779e+00
9/29	10:24:00	37440	1.243474e+00	1.006433e+01	4.459708e+00	-4.892182e+00	-4.542481e+00	5.716492e+00	4.618363e+00	-4.760113e+00	4.777308e+00	-4.585648e+00	-1.055647e+01	-1.542803e+00
9/29	10:25:00	37500	1.252275e+00	1.013603e+01	4.491429e+00	-4.926982e+00	-4.574756e+00	5.757107e+00	4.651211e+00	-4.793970e+00	4.811286e+00	-4.618260e+00	-1.063154e+01	-1.553846e+00
9/29	10:26:00	37560	1.261087e+00	1.020783e+01	4.523197e+00	-4.961833e+00	-4.607078e+00	5.797780e+00	4.684107e+00	-4.827875e+00	4.845314e+00	-4.650919e+00	-1.070672e+01	-1.564905e+00
9/29	10:27:00	37620	1.269912e+00	1.027973e+01	4.555010e+00	-4.996734e+00	-4.639445e+00	5.838511e+00	4.717050e+00	-4.861829e+00	4.879391e+00	-4.683627e+00	-1.078201e+01	-1.575980e+00
9/29	10:28:00	37680	1.278749e+00	1.035175e+01	4.586870e+00	-5.031685e+00	-4.671859e+00	5.879301e+00	4.750041e+00	-4.895833e+00	4.913517e+00	-4.716381e+00	-1.085741e+01	-1.587072e+00
9/29	10:29:00	37740	1.287598e+00	1.042386e+01	4.618774e+00	-5.066686e+00	-4.704319e+00	5.920148e+00	4.783079e+00	-4.929884e+00	4.947690e+00	-4.749181e+00	-1.093292e+01	-1.598181e+00
9/29	10:30:00	37800	1.296459e+00	1.049608e+01	4.650724e+00	-5.101737e+00	-4.736824e+00	5.961052e+00	4.816164e+00	-4.963985e+00	4.981914e+00	-4.782028e+00	-1.100853e+01	-1.609308e+00
9/29	10:31:00	37860	5.090461e-02	1.202141e+01	-4.640786e-02	-1.200959e+01	-5.385371e+00	6.585208e+00	5.395355e+00	-6.590679e+00	1.240679e+01	4.445148e-01	-1.242136e+01	-4.508518e-01
9/29	10:32:00	37920	5.136997e-02	1.210361e+01	-4.681205e-02	-1.209149e+01	-5.422156e+00	6.630156e+00	5.432299e+00	-6.635643e+00	1.249137e+01	4.476152e-01	-1.250628e+01	-4.540379e-01
9/29	10:33:00	37980	5.183740e-02	1.218592e+01	-4.721713e-02	-1.217364e+01	-5.458991e+00	6.675164e+00	5.469274e+00	-6.680728e+00	1.257620e+01	4.507199e-01	-1.259131e+01	-4.572296e-01
9/29	10:34:00	38040	5.230658e-02	1.226834e+01	-4.762386e-02	-1.225589e+01	-5.495876e+00	6.720233e+00	5.506299e+00	-6.725875e+00	1.266115e+01	4.538297e-01	-1.267646e+01	-4.604268e-01
9/29	10:35:00	38100	5.277785e-02	1.235088e+01	-4.803201e-02	-1.233826e+01	-5.532812e+00	6.765363e+00	5.543376e+00	-6.771082e+00	1.274621e+01	4.569441e-01	-1.276173e+01	-4.636297e-01
9/29	10:36:00	38160	5.325190e-02	1.243353e+01	-4.844214e-02	-1.242075e+01	-5.569797e+00	6.810553e+00	5.580504e+00	-6.816351e+00	1.283139e+01	4.600641e-01	-1.284711e+01	-4.668387e-01
9/29	10:37:00	38220	5.372735e-02	1.251629e+01	-4.885337e-02	-1.250334e+01	-5.606832e+00	6.855803e+00	5.617682e+00	-6.861681e+00	1.291668e+01	4.631884e-01	-1.293261e+01	-4.700527e-01
9/29	10:38:00	38280	5.420523e-02	1.259916e+01	-4.926646e-02	-1.258604e+01	-5.643916e+00	6.901114e+00	5.654911e+00	-6.907071e+00	1.300209e+01	4.663179e-01	-1.301822e+01	-4.732729e-01
9/29	10:39:00	38340	5.468450e-02	1.268214e+01	-4.968066e-02	-1.266885e+01	-5.681049e+00	6.946484e+00	5.692190e+00	-6.952521e+00	1.308761e+01	4.694518e-01	-1.310395e+01	-4.764973e-01
9/29	10:40:00	38400	5.516656e-02	1.276523e+01	-5.009674e-02	-1.275177e+01	-5.718231e+00	6.991912e+00	5.729519e+00	-6.998032e+00	1.317323e+01	4.725908e-01	-1.318979e+01	-4.797286e-01
9/29	10:41:00	38460	5.565036e-02	1.284844e+01	-5.051405e-02	-1.283480e+01	-5.755462e+00	7.037401e+00	5.766898e+00	-7.043602e+00	1.325898e+01	4.757344e-01	-1.327575e+01	-4.829649e-01
9/29	10:42:00	38520	5.613625e-02	1.293175e+01	-5.093351e-02	-1.291793e+01	-5.792741e+00	7.082947e+00	5.804326e+00	-7.089231e+00	1.334483e+01	4.788835e-01	-1.336181e+01	-4.862067e-01
9/29	10:43:00	38580	5.662457e-02	1.301517e+01	-5.135398e-02	-1.300118e+01	-5.830069e+00	7.128554e+00	5.841805e+00	-7.134921e+00	1.343079e+01	4.820366e-01	-1.344799e+01	-4.894540e-01
9/29	10:44:00	38640	5.711393e-02	1.309870e+01	-5.177613e-02	-1.308453e+01	-5.867444e+00	7.174217e+00	5.879331e+00	-7.180667e+00	1.351686e+01	4.851947e-01	-1.353428e+01	-4.927070e-01
9/29	10:45:00	38700	5.760609e-02	1.318233e+01	-5.219968e-02	-1.316798e+01	-5.904867e+00	7.219939e+00	5.916907e+00	-7.226474e+00	1.360304e+01	4.883575e-01	-1.362069e+01	-4.959655e-01
9/29	10:46:00	38760	1.439807e+00	1.166535e+01	5.167875e+00	-5.669083e+00	-5.262949e+00	6.623125e+00	5.351679e+00	-5.515932e+00	5.535857e+00	-5.313687e+00	-1.223251e+01	-1.789507e+00
9/29	10:47:00	38820	1.448878e+00	1.173924e+01	5.200605e+00	-5.704990e+00	-5.296192e+00	6.664958e+00	5.385568e+00	-5.550868e+00	5.570908e+00	-5.347342e+00	-1.230985e+01	-1.800924e+00
9/29	10:48:00	38880	1.457946e+00	1.181325e+01	5.233335e+00	-5.740898e+00	-5.329483e+00	6.706851e+00	5.419460e+00	-5.585801e+00	5.605966e+00	-5.380991e+00	-1.238731e+01	-1.812338e+00
9/29	10:49:00	38940	1.467024e+00	1.188735e+01	5.266107e+00	-5.776851e+00	-5.362815e+00	6.748796e+00	5.453395e+00	-5.620778e+00	5.641068e+00	-5.414681e+00	-1.246486e+01	-1.823766e+00
9/29	10:50:00	39000	1.476114e+00	1.196155e+01	5.298921e+00	-5.812850e+00	-5.396190e+00	6.790795e+00	5.487373e+00	-5.655799e+00	5.676215e+00	-5.448415e+00	-1.254252e+01	-1.835210e+00
9/29	10:51:00	39060	1.485214e+00	1.203585e+01	5.331775e+00	-5.848893e+00	-5.429606e+00	6.832845e+00	5.521394e+00	-5.690864e+00	5.711406e+00	-5.482191e+00	-1.262027e+01	-1.846669e+00
9/29	10:52:00	39120	1.494325e+00	1.211023e+01	5.364670e+00	-5.884982e+00	-5.463063e+00	6.874948e+00	5.555457e+00	-5.725973e+00	5.746641e+00	-5.516009e+00	-1.269812e+01	-1.858144e+00
9/29	10:53:00	39180	1.503447e+00	1.218472e+01	5.397606e+00	-5.921115e+00	-5.496562e+00	6.917101e+00	5.589563e+00	-5.761125e+00	5.781920e+00	-5.549869e+00	-1.277606e+01	-1.869634e+00
9/29	10:54:00	39240	1.512579e+00	1.225929e+01	5.430583e+00	-5.957293e+00	-5.530100e+00	6.959306e+00	5.623710e+00	-5.796320e+00	5.817242e+00	-5.583770e+00	-1.285410e+01	-1.881139e+00
9/29	10:55:00	39300	1.521722e+00	1.233396e+01	5.463601e+00	-5.993517e+00	-5.563680e+00	7.001563e+00	5.657899e+00	-5.831560e+00	5.852608e+00	-5.617713e+00	-1.293223e+01	-1.892659e+00
9/29	10:56:00	39360	1.530876e+00	1.240872e+01	5.496658e+00	-6.029783e+00	-5.597301e+00	7.043870e+00	5.692130e+00	-5.866841e+00	5.888016e+00	-5.651698e+00	-1.301046e+01	-1.904193e+00
9/29	10:57:00	39420	1.540039e+00	1.248357e+01	5.529756e+00	-6.066094e+00	-5.630961e+00	7.086229e+00	5.726403e+00	-5.902166e+00	5.923468e+00	-5.685724e+00	-1.308879e+01	-1.915742e+00
9/29	10:58:00	39480	1.549214e+00	1.255852e+01	5.562893e+00	-6.102448e+00	-5.664661e+00	7.128636e+00	5.760716e+00	-5.937532e+00	5.958961e+00	-5.719790e+00	-1.316721e+01	-1.927307e+00
9/29	10:59:00	39540	1.558399e+00	1.263355e+01	5.596071e+00	-6.138847e+00	-5.698403e+00	7.171096e+00	5.795072e+00	-5.972943e+00	5.994498e+00	-5.753898e+00	-1.324572e+01	-1.938886e+00
9/29	11:00:00	39600	1.567594e+00	1.270868e+01	5.629288e+00	-6.175289e+00	-5.732183e+00	7.213605e+00	5.829467e+00	-6.008394e+00	6.030077e+00	-5.788045e+00	-1.332433e+01	-1.950480e+00
9/29	11:01:00	39660	1.543250e+00	1.257833e+01	5.575672e+00	-6.120183e+00	-5.660686e+00	7.166819e+00	5.773546e+00	-5.955446e+00	5.972549e+00	-5.737074e+00	-1.320433e+01	-1.932448e+00
9/29	11:02:00	39720	1.519104e+00	1.244842e+01	5.522161e+00	-6.065126e+00	-5.589625e+00	7.119815e+00	5.717741e+00	-5.902534e+00	5.915135e+00	-5.686137e+00	-1.308452e+01	-1.914439e+00
9/29	11:03:00	39780	1.495160e+00	1.231895e+01	5.468781e+00	-6.010148e+00	-5.518996e+00	7.072604e+00	5.662078e+00	-5.849685e+00	5.857862e+00	-5.635262e+00	-1.296489e+01	-1.896455e+00
9/29	11:04:00	39840	1.471423e+00	1.218991e+01	5.415527e+00	-5.955245e+00	-5.448796e+00	7.025182e+00	5.606554e+00	-5.796898e+00	5.800728e+00	-5.584446e+00	-1.284544e+01	-1.878500e+00
9/29	11:05:00	39900	1.447891e+00	1.206130e+01	5.362401e+00	-5.900418e+00	-5.379030e+00	6.977549e+00	5.551169e+00	-5.744173e+00	5.743734e+00	-5.533689e+00	-1.272617e+01	-1.860573e+00
9/29	11:06:00	39960	1.424561e+00	1.193314e+01	5.309408e+00	-5.845672e+00	-5.309695e+00	6.929716e+00	5.495930e+00	-5.691514e+00	5.686883e+00	-5.482996e+00	-1.260709e+01	-1.842673e+00
9/29	11:07:00	40020	1.401435e+00	1.180542e+01	5.256546e+00	-5.791006e+00	-5.240791e+00	6.881679e+00	5.440834e+00	-5.638923e+00	5.630175e+00	-5.432366e+00	-1.248820e+01	-1.824802e+00
9/29	11:08:00	40080	1.378517e+00	1.167814e+01	5.203816e+00	-5.736420e+00	-5.172320e+00	6.833437e+00	5.385881e+00	-5.586397e+00	5.573610e+00	-5.381800e+00	-1.236950e+01	-1.806962e+00
9/29	11:09:00	40140	1.355799e+00	1.155131e+01	5.151220e+00	-5.681919e+00	-5.104280e+00	6.785004e+00	5.331075e+00	-5.533942e+00	5.517192e+00	-5.331302e+00	-1.225101e+01	-1.789151e+00
9/29	11:10:00	40200	1.333285e+00	1.142493e+01	5.098759e+00	-5.627502e+00	-5.036671e+00	6.736374e+00	5.276415e+00	-5.481557e+00	5.460920e+00	-5.280871e+00	-1.213271e+01	-1.771371e+00
9/29	11:11:00	40260	1.310976e+00	1.129900e+01	5.046434e+00	-5.573170e+00	-4.969496e+00	6.687549e+00	5.221904e+00	-5.429244e+00	5.404795e+00	-5.230509e+00	-1.201461e+01	-1.753621e+00
9/29	11:12:00	40320	1.288868e+00	1.117352e+01	4.994246e+00	-5.518927e+00	-4.902752e+00	6.638536e+00	5.167542e+00	-5.377005e+00	5.348820e+00	-5.180218e+00	-1.189672e+01	-1.735904e+00
9/29	11:13:00	40380	1.266963e+00	1.104849e+01	4.942196e+00	-5.464773e+00	-4.836440e+00	6.589338e+00	5.113330e+00	-5.324841e+00	5.292996e+00	-5.129999e+00	-1.177905e+01	-1.718216e+00
9/29	11:14:00	40440	1.245263e+00	1.092393e+01	4.890285e+00	-5.410707e+00	-4.770560e+00	6.539949e+00	5.059268e+00	-5.272751e+00	5.237321e+00	-5.079852e+00	-1.166158e+01	-1.700564e+00
9/29	11:15:00	40500	1.223763e+00	1.079982e+01	4.838515e+00	-5.356735e+00	-4.705113e+00	6.490383e+00	5.005361e+00	-5.220742e+00	5.181800e+00	-5.029780e+00	-1.154433e+01	-1.682943e+00
9/29	11:16:00	40560	1.202465e+00	1.067617e+01	4.786887e+00	-5.302855e+00	-4.640098e+00	6.440637e+00	4.951606e+00	-5.168811e+00	5.126433e+00	-4.979785e+00	-1.142729e+01	-1.665355e+00
9/29	11:17:00	40620	1.181371e+00	1.055299e+01	4.735400e+00	-5.249069e+00	-4.575516e+00	6.390709e+00	4.898005e+00	-5.116960e+00	5.071219e+00	-4.929866e+00	-1.131048e+01	-1.647803e+00
9/29	11:18:00	40680	1.160476e+00	1.043027e+01	4.684059e+00	-5.195381e+00	-4.511366e+00	6.340611e+00	4.844563e+00	-5.065193e+00	5.016164e+00	-4.880027e+00	-1.119390e+01	-1.630284e+00
9/29	11:19:00	40740	1.139783e+00	1.030803e+01	4.632862e+00	-5.141789e+00	-4.447649e+00	6.290341e+00	4.791276e+00	-5.013508e+00	4.961265e+00	-4.830268e+00	-1.107754e+01	-1.612800e+00
9/29	11:20:00	40800	1.119293e+00	1.018625e+01	4.581810e+00	-5.088295e+00	-4.384365e+00	6.239897e+00	4.738148e+00	-4.961908e+00	4.906523e+00	-4.780590e+00	-1.096141e+01	-1.595353e+00
9/29	11:21:00	40860	1.099002e+00	1.006494e+01	4.530908e+00	-5.034904e+00	-4.321514e+00	6.189291e+00	4.685179e+00	-4.910395e+00	4.851943e+00	-4.730996e+00	-1.084552e+01	-1.577940e+00
9/29	11:22:00	40920	1.078912e+00	9.944117e+00	4.480153e+00	-4.981614e+00	-4.259095e+00	6.138521e+00	4.632372e+00	-4.858972e+00	4.797524e+00	-4.681487e+00	-1.072987e+01	-1.560564e+00
9/29	11:23:00	40980	1.059024e+00	9.823766e+00	4.429547e+00	-4.928426e+00	-4.197110e+00	6.087586e+00	4.579725e+00	-4.807635e+00	4.743267e+00	-4.632061e+00	-1.061445e+01	-1.543228e+00
9/29	11:24:00	41040	1.039334e+00	9.703895e+00	4.379093e+00	-4.875345e+00	-4.135558e+00	6.036495e+00	4.527243e+00	-4.756392e+00	4.689173e+00	-4.582726e+00	-1.049929e+01	-1.525926e+00
9/29	11:25:00	41100	1.019845e+00	9.584506e+00	4.328791e+00	-4.822370e+00	-4.074439e+00	5.985248e+00	4.474924e+00	-4.705241e+00	4.635244e+00	-4.533478e+00	-1.038437e+01	-1.508665e+00
9/29	11:26:00	41160	1.000558e+00	9.465603e+00	4.278641e+00	-4.769502e+00	-4.013754e+00	5.933844e+00	4.422770e+00	-4.654183e+00	4.581481e+00	-4.484320e+00	-1.026970e+01	-1.491442e+00
9/29	11:27:00	41220	9.814670e-01	9.347186e+00	4.228647e+00	-4.716744e+00	-3.953503e+00	5.882293e+00	4.370784e+00	-4.603222e+00	4.527886e+00	-4.435256e+00	-1.015528e+01	-1.474259e+00
9/29	11:28:00	41280	9.625759e-01	9.229260e+00	4.178809e+00	-4.664098e+00	-3.893685e+00	5.830595e+00	4.318965e+00	-4.552359e+00	4.474461e+00	-4.386284e+00	-1.004113e+01	-1.457114e+00
9/29	11:29:00	41340	9.438860e-01	9.111826e+00	4.129126e+00	-4.611562e+00	-3.834301e+00	5.778747e+00	4.267315e+00	-4.501592e+00	4.421203e+00	-4.337406e+00	-9.927228e+00	-1.440012e+00
9/29	11:30:00	41400	9.253923e-01	8.994886e+00	4.079602e+00	-4.559143e+00	-3.775351e+00	5.726760e+00	4.215836e+00	-4.450928e+00	4.368118e+00	-4.288625e+00	-9.813598e+00	-1.422950e+00
9/29	11:31:00	41460	9.070975e-01	8.878443e+00	4.030238e+00	-4.506838e+00	-3.716835e+00	5.674634e+00	4.164529e+00	-4.400366e+00	4.315207e+00	-4.239943e+00	-9.700236e+00	-1.405929e+00
9/29	11:32:00	41520	8.890027e-01	8.762499e+00	3.981034e+00	-4.454650e+00	-3.658754e+00	5.622366e+00	4.113394e+00	-4.349905e+00	4.262467e+00	-4.191358e+00	-9.587143e+00	-1.388952e+00
9/29	11:33:00	41580	8.711039e-01	8.647057e+00	3.931992e+00	-4.402583e+00	-3.601106e+00	5.569969e+00	4.062434e+00	-4.299551e+00	4.209904e+00	-4.142876e+00	-9.474326e+00	-1.372016e+00
9/29	11:34:00	41640	8.534029e-01	8.532120e+00	3.883113e+00	-4.350635e+00	-3.543893e+00	5.517440e+00	4.011649e+00	-4.249304e+00	4.157517e+00	-4.094497e+00	-9.361789e+00	-1.355124e+00
9/29	11:35:00	41700	8.359012e-01	8.417689e+00	3.834397e+00	-4.298808e+00	-3.487116e+00	5.464779e+00	3.961040e+00	-4.199164e+00	4.105307e+00	-4.046219e+00	-9.249530e+00	-1.338277e+00
9/29	11:36:00	41760	8.185951e-01	8.303768e+00	3.785849e+00	-4.247107e+00	-3.430772e+00	5.411996e+00	3.910609e+00	-4.149136e+00	4.053278e+00	-3.998049e+00	-9.137559e+00	-1.321474e+00
9/29	11:37:00	41820	8.014854e-01	8.190359e+00	3.737467e+00	-4.195530e+00	-3.374863e+00	5.359090e+00	3.860359e+00	-4.099218e+00	4.001429e+00	-3.949986e+00	-9.025877e+00	-1.304715e+00
9/29	11:38:00	41880	7.845744e-01	8.077466e+00	3.689253e+00	-4.144079e+00	-3.319391e+00	5.306062e+00	3.810288e+00	-4.049413e+00	3.949761e+00	-3.902030e+00	-8.914486e+00	-1.288004e+00
9/29	11:39:00	41940	7.678579e-01	7.965088e+00	3.641208e+00	-4.092758e+00	-3.264352e+00	5.252919e+00	3.760399e+00	-3.999724e+00	3.898277e+00	-3.854186e+00	-8.803391e+00	-1.271338e+00
9/29	11:40:00	42000	7.513375e-01	7.853230e+00	3.593335e+00	-4.041567e+00	-3.209749e+00	5.199662e+00	3.710694e+00	-3.950151e+00	3.846978e+00	-3.806454e+00	-8.692596e+00	-1.254719e+00
9/29	11:41:00	42060	7.350150e-01	7.741897e+00	3.545634e+00	-3.990508e+00	-3.155582e+00	5.146292e+00	3.661173e+00	-3.900697e+00	3.795866e+00	-3.758834e+00	-8.582106e+00	-1.238150e+00
9/29	11:42:00	42120	7.188861e-01	7.631086e+00	3.498106e+00	-3.939583e+00	-3.101850e+00	5.092816e+00	3.611838e+00	-3.851363e+00	3.744940e+00	-3.711331e+00	-8.471921e+00	-1.221627e+00
9/29	11:43:00	42180	7.029527e-01	7.520806e+00	3.450753e+00	-3.888794e+00	-3.048555e+00	5.039237e+00	3.562691e+00	-3.802151e+00	3.694205e+00	-3.663944e+00	-8.362047e+00	-1.205154e+00
9/29	11:44:00	42240	6.872161e-01	7.411055e+00	3.403576e+00	-3.838140e+00	-2.995695e+00	4.985550e+00	3.513732e+00	-3.753060e+00	3.643658e+00	-3.616675e+00	-8.252486e+00	-1.188731e+00
9/29	11:45:00	42300	6.716722e-01	7.301838e+00	3.356577e+00	-3.787627e+00	-2.943271e+00	4.931769e+00	3.464963e+00	-3.704097e+00	3.593304e+00	-3.569527e+00	-8.143246e+00	-1.172357e+00
9/29	11:46:00	42360	6.563230e-01	7.193157e+00	3.309758e+00	-3.737254e+00	-2.891284e+00	4.877893e+00	3.416387e+00	-3.655260e+00	3.543145e+00	-3.522502e+00	-8.034328e+00	-1.156034e+00
9/29	11:47:00	42420	6.411693e-01	7.085015e+00	3.263117e+00	-3.687022e+00	-2.839734e+00	4.823920e+00	3.368002e+00	-3.606551e+00	3.493178e+00	-3.475598e+00	-7.925733e+00	-1.139764e+00
9/29	11:48:00	42480	6.262081e-01	6.977416e+00	3.216660e+00	-3.636936e+00	-2.788620e+00	4.769862e+00	3.319812e+00	-3.557974e+00	3.443410e+00	-3.428822e+00	-7.817471e+00	-1.123545e+00
9/29	11:49:00	42540	6.114402e-01	6.870361e+00	3.170386e+00	-3.586996e+00	-2.737944e+00	4.715716e+00	3.271818e+00	-3.509529e+00	3.393839e+00	-3.382172e+00	-7.709540e+00	-1.107380e+00
9/29	11:50:00	42600	5.968675e-01	6.763854e+00	3.124295e+00	-3.537203e+00	-2.687704e+00	4.661485e+00	3.224021e+00	-3.461217e+00	3.344467e+00	-3.335650e+00	-7.601947e+00	-1.091269e+00
9/29	11:51:00	42660	5.824860e-01	6.657897e+00	3.078392e+00	-3.487561e+00	-2.637902e+00	4.607178e+00	3.176423e+00	-3.413043e+00	3.295297e+00	-3.289260e+00	-7.494697e+00	-1.075211e+00
9/29	11:52:00	42720	5.682973e-01	6.552494e+00	3.032676e+00	-3.438069e+00	-2.588537e+00	4.552793e+00	3.129025e+00	-3.365006e+00	3.246329e+00	-3.243002e+00	-7.387791e+00	-1.059209e+00
9/29	11:53:00	42780	5.543030e-01	6.447648e+00	2.987149e+00	-3.388731e+00	-2.539610e+00	4.498333e+00	3.081829e+00	-3.317109e+00	3.197565e+00	-3.196878e+00	-7.281236e+00	-1.043263e+00
9/29	11:54:00	42840	5.404986e-01	6.343361e+00	2.941813e+00	-3.339549e+00	-2.491121e+00	4.443805e+00	3.034836e+00	-3.269354e+00	3.149008e+00	-3.150891e+00	-7.175034e+00	-1.027373e+00
9/29	11:55:00	42900	5.268857e-01	6.239636e+00	2.896670e+00	-3.290524e+00	-2.443070e+00	4.389211e+00	2.988048e+00	-3.221743e+00	3.100657e+00	-3.105041e+00	-7.069190e+00	-1.011539e+00
9/29	11:56:00	42960	5.134666e-01	6.136479e+00	2.851719e+00	-3.241658e+00	-2.395458e+00	4.334552e+00	2.941466e+00	-3.174276e+00	3.052515e+00	-3.059331e+00	-6.963709e+00	-9.957662e-01
9/29	11:57:00	43020	5.002366e-01	6.033890e+00	2.806964e+00	-3.192954e+00	-2.348284e+00	4.279836e+00	2.895092e+00	-3.126958e+00	3.004585e+00	-3.013763e+00	-6.858593e+00	-9.800497e-01
9/29	11:58:00	43080	4.871974e-01	5.931873e+00	2.762407e+00	-3.144413e+00	-2.301550e+00	4.225063e+00	2.848929e+00	-3.079790e+00	2.956867e+00	-2.968339e+00	-6.753850e+00	-9.643934e-01
9/29	11:59:00	43140	4.743505e-01	5.830431e+00	2.718046e+00	-3.096036e+00	-2.255254e+00	4.170236e+00	2.802975e+00	-3.032772e+00	2.909362e+00	-2.923060e+00	-6.649479e+00	-9.487977e-01
9/29	12:00:00	43200	4.616917e-01	5.729567e+00	2.673887e+00	-3.047828e+00	-2.209398e+00	4.115361e+00	2.757235e+00	-2.985909e+00	2.862073e+00	-2.877929e+00	-6.545488e+00	-9.332616e-01
9/29	12:01:00	43260	-3.602888e-01	6.711012e+00	3.612999e-01	-6.708050e+00	-2.603291e+00	4.468042e+00	2.607724e+00	-4.468256e+00	7.327149e+00	2.585481e-01	-7.332593e+00	-2.612959e-01
9/29	12:02:00	43320	-3.808226e-01	6.730862e+00	3.818343e-01	-6.727899e+00	-2.614140e+00	4.497576e+00	2.618608e+00	-4.497764e+00	7.353191e+00	2.442164e-01	-7.358671e+00	-2.469904e-01
9/29	12:03:00	43380	-4.015984e-01	6.750542e+00	4.026107e-01	-6.747580e+00	-2.624957e+00	4.527215e+00	2.629461e+00	-4.527376e+00	7.379110e+00	2.296882e-01	-7.384625e+00	-2.324883e-01
9/29	12:04:00	43440	-4.226147e-01	6.770050e+00	4.236274e-01	-6.767088e+00	-2.635741e+00	4.556956e+00	2.640279e+00	-4.557089e+00	7.404902e+00	2.149649e-01	-7.410452e+00	-2.177916e-01
9/29	12:05:00	43500	-4.438712e-01	6.789382e+00	4.448843e-01	-6.786423e+00	-2.646488e+00	4.586797e+00	2.651061e+00	-4.586903e+00	7.430563e+00	2.000464e-01	-7.436149e+00	-2.028997e-01
9/29	12:06:00	43560	-4.653750e-01	6.808537e+00	4.663882e-01	-6.805580e+00	-2.657200e+00	4.616745e+00	2.661808e+00	-4.616821e+00	7.456095e+00	1.849277e-01	-7.461716e+00	-1.878076e-01
9/29	12:07:00	43620	-4.871252e-01	6.827512e+00	4.881387e-01	-6.824557e+00	-2.667875e+00	4.646795e+00	2.672518e+00	-4.646842e+00	7.481493e+00	1.696088e-01	-7.487149e+00	-1.725158e-01
9/29	12:08:00	43680	-5.091256e-01	6.846303e+00	5.101273e-01	-6.843364e+00	-2.678515e+00	4.676948e+00	2.683191e+00	-4.676919e+00	7.506755e+00	1.540952e-01	-7.512454e+00	-1.570280e-01
9/29	12:09:00	43740	-5.313755e-01	6.864912e+00	5.323768e-01	-6.861976e+00	-2.689114e+00	4.707206e+00	2.693825e+00	-4.707147e+00	7.531882e+00	1.383715e-01	-7.537615e+00	-1.413317e-01
9/29	12:10:00	43800	-5.538777e-01	6.883334e+00	5.548789e-01	-6.880403e+00	-2.699674e+00	4.737572e+00	2.704420e+00	-4.737480e+00	7.556871e+00	1.224434e-01	-7.562640e+00	-1.254307e-01
9/29	12:11:00	43860	-5.766327e-01	6.901567e+00	5.776334e-01	-6.898640e+00	-2.710194e+00	4.768040e+00	2.714975e+00	-4.767916e+00	7.581720e+00	1.063105e-01	-7.587522e+00	-1.093258e-01
9/29	12:12:00	43920	-5.996469e-01	6.919608e+00	6.006470e-01	-6.916687e+00	-2.720673e+00	4.798616e+00	2.725488e+00	-4.798459e+00	7.606425e+00	8.996783e-02	-7.612263e+00	-9.301071e-02
9/29	12:13:00	43980	-6.229200e-01	6.937452e+00	6.239195e-01	-6.934537e+00	-2.731108e+00	4.829298e+00	2.735958e+00	-4.829107e+00	7.630985e+00	7.341550e-02	-7.636856e+00	-7.648674e-02
9/29	12:14:00	44040	-6.464524e-01	6.955101e+00	6.474513e-01	-6.952191e+00	-2.741501e+00	4.860087e+00	2.746386e+00	-4.859861e+00	7.655398e+00	5.665326e-02	-7.661303e+00	-5.975290e-02
9/29	12:15:00	44100	-6.702518e-01	6.972547e+00	6.712499e-01	-6.969645e+00	-2.751850e+00	4.890984e+00	2.756769e+00	-4.890722e+00	7.679660e+00	3.967500e-02	-7.685599e+00	-4.280291e-02
9/29	12:16:00	44160	-6.943166e-01	6.989791e+00	6.953137e-01	-6.986896e+00	-2.762153e+00	4.921990e+00	2.767106e+00	-4.921691e+00	7.703771e+00	2.248252e-02	-7.709743e+00	-2.563886e-02
9/29	12:17:00	44220	-7.186480e-01	7.006828e+00	7.196440e-01	-7.003942e+00	-2.772409e+00	4.953102e+00	2.777397e+00	-4.952767e+00	7.727727e+00	5.074301e-03	-7.733733e+00	-8.260069e-03
9/29	12:18:00	44280	-7.432531e-01	7.023654e+00	7.442478e-01	-7.020777e+00	-2.782618e+00	4.984326e+00	2.787640e+00	-4.983952e+00	7.751525e+00	-1.255483e-02	-7.757565e+00	9.340436e-03
9/29	12:19:00	44340	-7.681324e-01	7.040268e+00	7.691256e-01	-7.037401e+00	-2.792778e+00	5.015659e+00	2.797834e+00	-5.015246e+00	7.775164e+00	-3.040549e-02	-7.781236e+00	2.716161e-02
9/29	12:20:00	44400	-7.932854e-01	7.056667e+00	7.942773e-01	-7.053809e+00	-2.802888e+00	5.047101e+00	2.807978e+00	-5.046649e+00	7.798640e+00	-4.847722e-02	-7.804746e+00	4.520380e-02
9/29	12:21:00	44460	-8.187206e-01	7.072845e+00	8.197109e-01	-7.069998e+00	-2.812946e+00	5.078656e+00	2.818071e+00	-5.078163e+00	7.821950e+00	-6.677666e-02	-7.828090e+00	6.347362e-02
9/29	12:22:00	44520	-8.444380e-01	7.088799e+00	8.454264e-01	-7.085964e+00	-2.822952e+00	5.110322e+00	2.828111e+00	-5.109788e+00	7.845093e+00	-8.530354e-02	-7.851264e+00	8.197071e-02
9/29	12:23:00	44580	-8.704377e-01	7.104529e+00	8.714243e-01	-7.101705e+00	-2.832903e+00	5.142100e+00	2.838097e+00	-5.141524e+00	7.868065e+00	-1.040582e-01	-7.874269e+00	1.006954e-01
9/29	12:24:00	44640	-8.967275e-01	7.120027e+00	8.977121e-01	-7.117216e+00	-2.842799e+00	5.173992e+00	2.848027e+00	-5.173373e+00	7.890863e+00	-1.230462e-01	-7.897099e+00	1.196530e-01
9/29	12:25:00	44700	-9.233096e-01	7.135292e+00	9.242920e-01	-7.132494e+00	-2.852640e+00	5.205998e+00	2.857901e+00	-5.205336e+00	7.913485e+00	-1.422700e-01	-7.919753e+00	1.388462e-01
9/29	12:26:00	44760	-9.501830e-01	7.150318e+00	9.511632e-01	-7.147534e+00	-2.862421e+00	5.238118e+00	2.867716e+00	-5.237410e+00	7.935926e+00	-1.617283e-01	-7.942225e+00	1.582740e-01
9/29	12:27:00	44820	-9.773571e-01	7.165102e+00	9.783348e-01	-7.162333e+00	-2.872143e+00	5.270354e+00	2.877471e+00	-5.269600e+00	7.958183e+00	-1.814284e-01	-7.964514e+00	1.779430e-01
9/29	12:28:00	44880	-1.004832e+00	7.179640e+00	1.005807e+00	-7.176887e+00	-2.881803e+00	5.302707e+00	2.887166e+00	-5.301906e+00	7.980255e+00	-2.013705e-01	-7.986617e+00	1.978539e-01
9/29	12:29:00	44940	-1.032609e+00	7.193928e+00	1.033581e+00	-7.191191e+00	-2.891401e+00	5.335176e+00	2.896797e+00	-5.334327e+00	8.002136e+00	-2.215551e-01	-8.008529e+00	2.180074e-01
9/29	12:30:00	45000	-1.060697e+00	7.207960e+00	1.061667e+00	-7.205240e+00	-2.900934e+00	5.367763e+00	2.906363e+00	-5.366866e+00	8.023823e+00	-2.419903e-01	-8.030246e+00	2.384108e-01
9/29	12:31:00	45060	-1.089097e+00	7.221735e+00	1.090064e+00	-7.219033e+00	-2.910401e+00	5.400470e+00	2.915864e+00	-5.399524e+00	8.045314e+00	-2.626754e-01	-8.051766e+00	2.590645e-01
9/29	12:32:00	45120	-1.117811e+00	7.235245e+00	1.118774e+00	-7.232561e+00	-2.919799e+00	5.433296e+00	2.925295e+00	-5.432298e+00	8.066602e+00	-2.836123e-01	-8.073086e+00	2.799695e-01
9/29	12:33:00	45180	-1.146847e+00	7.248485e+00	1.147807e+00	-7.245820e+00	-2.929128e+00	5.466244e+00	2.934657e+00	-5.465194e+00	8.087687e+00	-3.048069e-01	-8.094199e+00	3.011316e-01
9/29	12:34:00	45240	-1.176207e+00	7.261451e+00	1.177164e+00	-7.258807e+00	-2.938385e+00	5.499314e+00	2.943947e+00	-5.498212e+00	8.108561e+00	-3.262623e-01	-8.115103e+00	3.225545e-01
9/29	12:35:00	45300	-1.205888e+00	7.274144e+00	1.206852e+00	-7.271509e+00	-2.947565e+00	5.532506e+00	2.953164e+00	-5.531400e+00	8.129227e+00	-3.479827e-01	-8.135790e+00	3.442415e-01
9/29	12:36:00	45360	-1.235911e+00	7.286545e+00	1.236871e+00	-7.283933e+00	-2.956672e+00	5.565824e+00	2.962303e+00	-5.564663e+00	8.149670e+00	-3.699680e-01	-8.156262e+00	3.661941e-01
9/29	12:37:00	45420	-1.266271e+00	7.298656e+00	1.267227e+00	-7.296065e+00	-2.965701e+00	5.599267e+00	2.971364e+00	-5.598049e+00	8.169889e+00	-3.922233e-01	-8.176510e+00	3.884161e-01
9/29	12:38:00	45480	-1.296971e+00	7.310471e+00	1.297923e+00	-7.307904e+00	-2.974649e+00	5.632835e+00	2.980345e+00	-5.631561e+00	8.189884e+00	-4.147503e-01	-8.196533e+00	4.109099e-01
9/29	12:39:00	45540	-1.328022e+00	7.321982e+00	1.328969e+00	-7.319440e+00	-2.983514e+00	5.666532e+00	2.989242e+00	-5.665201e+00	8.209645e+00	-4.375571e-01	-8.216321e+00	4.336829e-01
9/29	12:40:00	45600	-1.359426e+00	7.333185e+00	1.360369e+00	-7.330668e+00	-2.992294e+00	5.700359e+00	2.998054e+00	-5.698969e+00	8.229170e+00	-4.606466e-01	-8.235873e+00	4.567385e-01
9/29	12:41:00	45660	-1.391186e+00	7.344072e+00	1.392124e+00	-7.341581e+00	-3.000985e+00	5.734315e+00	3.006777e+00	-5.732864e+00	8.248452e+00	-4.840189e-01	-8.255181e+00	4.800771e-01
9/29	12:42:00	45720	-1.423314e+00	7.354635e+00	1.424247e+00	-7.352171e+00	-3.009586e+00	5.768406e+00	3.015410e+00	-5.766894e+00	8.267485e+00	-5.076850e-01	-8.274241e+00	5.037090e-01
9/29	12:43:00	45780	-1.455812e+00	7.364868e+00	1.456740e+00	-7.362432e+00	-3.018094e+00	5.802630e+00	3.023949e+00	-5.801055e+00	8.286263e+00	-5.316457e-01	-8.293046e+00	5.276351e-01
9/29	12:44:00	45840	-1.488685e+00	7.374764e+00	1.489607e+00	-7.372357e+00	-3.026504e+00	5.836988e+00	3.032391e+00	-5.835350e+00	8.304783e+00	-5.559042e-01	-8.311592e+00	5.518591e-01
9/29	12:45:00	45900	-1.521945e+00	7.384311e+00	1.522862e+00	-7.381934e+00	-3.034816e+00	5.871485e+00	3.040733e+00	-5.869782e+00	8.323034e+00	-5.804709e-01	-8.329867e+00	5.763904e-01
9/29	12:46:00	45960	-1.555596e+00	7.393505e+00	1.556507e+00	-7.391158e+00	-3.043023e+00	5.906121e+00	3.048972e+00	-5.904352e+00	8.341012e+00	-6.053475e-01	-8.347871e+00	6.012316e-01
9/29	12:47:00	46020	-1.589642e+00	7.402336e+00	1.590547e+00	-7.400021e+00	-3.051125e+00	5.940897e+00	3.057104e+00	-5.939061e+00	8.358709e+00	-6.305378e-01	-8.365594e+00	6.263870e-01
9/29	12:48:00	46080	-1.624098e+00	7.410791e+00	1.624996e+00	-7.408510e+00	-3.059116e+00	5.975819e+00	3.065125e+00	-5.973914e+00	8.376119e+00	-6.560525e-01	-8.383025e+00	6.518661e-01
9/29	12:49:00	46140	-1.658968e+00	7.418864e+00	1.659860e+00	-7.416617e+00	-3.066993e+00	6.010885e+00	3.073032e+00	-6.008910e+00	8.393232e+00	-6.818959e-01	-8.400163e+00	6.776735e-01
9/29	12:50:00	46200	-1.694259e+00	7.426544e+00	1.695144e+00	-7.424332e+00	-3.074751e+00	6.046098e+00	3.080821e+00	-6.044051e+00	8.410040e+00	-7.080716e-01	-8.416994e+00	7.038131e-01
9/29	12:51:00	46260	-1.729985e+00	7.433818e+00	1.730863e+00	-7.431643e+00	-3.082387e+00	6.081463e+00	3.088486e+00	-6.079344e+00	8.426535e+00	-7.345918e-01	-8.433512e+00	7.302971e-01
9/29	12:52:00	46320	-1.766154e+00	7.440674e+00	1.767024e+00	-7.438535e+00	-3.089895e+00	6.116980e+00	3.096023e+00	-6.114787e+00	8.442706e+00	-7.614609e-01	-8.449703e+00	7.571294e-01
9/29	12:53:00	46380	-1.802773e+00	7.447103e+00	1.803636e+00	-7.445003e+00	-3.097272e+00	6.152652e+00	3.103429e+00	-6.150383e+00	8.458546e+00	-7.886855e-01	-8.465565e+00	7.843168e-01
9/29	12:54:00	46440	-1.839860e+00	7.453085e+00	1.840714e+00	-7.451025e+00	-3.104510e+00	6.188485e+00	3.110695e+00	-6.186139e+00	8.474040e+00	-8.162777e-01	-8.481080e+00	8.118717e-01
9/29	12:55:00	46500	-1.877422e+00	7.458613e+00	1.878269e+00	-7.456594e+00	-3.111605e+00	6.224481e+00	3.117819e+00	-6.222056e+00	8.489181e+00	-8.442449e-01	-8.496242e+00	8.398011e-01
9/29	12:56:00	46560	-1.915470e+00	7.463668e+00	1.916309e+00	-7.461691e+00	-3.118551e+00	6.260638e+00	3.124792e+00	-6.258133e+00	8.503954e+00	-8.725933e-01	-8.511034e+00	8.681120e-01
9/29	12:57:00	46620	-1.954025e+00	7.468233e+00	1.954854e+00	-7.466299e+00	-3.125340e+00	6.296969e+00	3.131608e+00	-6.294383e+00	8.518347e+00	-9.013391e-01	-8.525445e+00	8.968201e-01
9/29	12:58:00	46680	-1.993097e+00	7.472289e+00	1.993918e+00	-7.470401e+00	-3.131966e+00	6.333472e+00	3.138262e+00	-6.330802e+00	8.532344e+00	-9.304909e-01	-8.539461e+00	9.259332e-01
9/29	12:59:00	46740	-2.032699e+00	7.475822e+00	2.033510e+00	-7.473980e+00	-3.138421e+00	6.370152e+00	3.144744e+00	-6.367398e+00	8.545936e+00	-9.600570e-01	-8.553069e+00	9.554613e-01
9/29	13:00:00	46800	-2.072856e+00	7.478803e+00	2.073658e+00	-7.477009e+00	-3.144697e+00	6.407016e+00	3.151047e+00	-6.404175e+00	8.559096e+00	-9.900573e-01	-8.566247e+00	9.854223e-01
9/29	13:01:00	46860	-7.038043e-01	5.161379e+00	3.478590e+00	-3.954303e+00	-2.558691e+00	6.206651e+00	3.538748e+00	-3.933710e+00	3.633435e+00	-3.853121e+00	-7.388279e+00	3.731051e-01
9/29	13:02:00	46920	-8.649687e-01	5.042934e+00	3.520625e+00	-4.009879e+00	-2.551857e+00	6.348750e+00	3.576514e+00	-3.992391e+00	3.667832e+00	-3.915649e+00	-7.348145e+00	5.262359e-01
9/29	13:03:00	46980	-1.035060e+00	4.944989e+00	3.561386e+00	-4.074843e+00	-2.541118e+00	6.492758e+00	3.612844e+00	-4.060243e+00	3.700590e+00	-3.987192e+00	-7.298640e+00	6.845319e-01
9/29	13:04:00	47040	-1.210769e+00	4.867123e+00	3.597304e+00	-4.150846e+00	-2.523961e+00	6.640312e+00	3.644211e+00	-4.138949e+00	3.728193e+00	-4.069516e+00	-7.234979e+00	8.518783e-01
9/29	13:05:00	47100	-1.420172e+00	4.786877e+00	3.646052e+00	-4.224398e+00	-2.508715e+00	6.786050e+00	3.687903e+00	-4.215145e+00	3.767683e+00	-4.149160e+00	-7.172750e+00	1.015775e+00
9/29	13:06:00	47160	-1.667212e+00	4.708879e+00	3.705815e+00	-4.298909e+00	-2.492075e+00	6.931681e+00	3.742071e+00	-4.292230e+00	3.817132e+00	-4.229578e+00	-7.105732e+00	1.180157e+00
9/29	13:07:00	47220	-1.964831e+00	4.639604e+00	3.774768e+00	-4.379215e+00	-2.468549e+00	7.079577e+00	3.806314e+00	-4.375015e+00	3.875879e+00	-4.315644e+00	-7.023632e+00	1.350694e+00
9/29	13:08:00	47280	-2.406373e+00	4.596192e+00	3.869073e+00	-4.477778e+00	-2.420048e+00	7.235628e+00	3.894242e+00	-4.475892e+00	3.956044e+00	-4.419881e+00	-6.892937e+00	1.541732e+00
9/29	13:09:00	47340	-2.874485e+00	4.555548e+00	3.967558e+00	-4.579217e+00	-2.367423e+00	7.393014e+00	3.986123e+00	-4.579589e+00	4.040139e+00	-4.526873e+00	-6.751881e+00	1.737118e+00
9/29	13:10:00	47400	-3.213145e+00	4.489722e+00	4.043813e+00	-4.663768e+00	-2.340158e+00	7.542686e+00	4.057783e+00	-4.666481e+00	4.106423e+00	-4.616806e+00	-6.654714e+00	1.914646e+00
9/29	13:11:00	47460	-3.516408e+00	4.416497e+00	4.114297e+00	-4.743750e+00	-2.320937e+00	7.690283e+00	4.124262e+00	-4.748803e+00	4.168281e+00	-4.702046e+00	-6.569494e+00	2.087819e+00
9/29	13:12:00	47520	-3.801584e+00	4.339091e+00	4.181993e+00	-4.821459e+00	-2.306551e+00	7.836891e+00	4.188279e+00	-4.828842e+00	4.228117e+00	-4.784905e+00	-6.490255e+00	2.259225e+00
9/29	13:13:00	47580	-4.075950e+00	4.258792e+00	4.248124e+00	-4.897871e+00	-2.295633e+00	7.982996e+00	4.250946e+00	-4.907569e+00	4.286916e+00	-4.866368e+00	-6.414402e+00	2.430020e+00
9/29	13:14:00	47640	-4.343429e+00	4.176238e+00	4.313318e+00	-4.973511e+00	-2.287445e+00	8.128880e+00	4.312829e+00	-4.985508e+00	4.345204e+00	-4.946968e+00	-6.340477e+00	2.600869e+00
9/29	13:15:00	47700	-4.606648e+00	4.091770e+00	4.377619e+00	-5.048692e+00	-2.281632e+00	8.274717e+00	4.373924e+00	-5.062974e+00	4.403934e+00	-5.027022e+00	-6.267197e+00	2.772201e+00
9/29	13:16:00	47760	-4.866950e+00	4.005590e+00	4.441652e+00	-5.123628e+00	-2.277773e+00	8.420639e+00	4.434843e+00	-5.140181e+00	4.462533e+00	-5.106749e+00	-6.194305e+00	2.944328e+00
9/29	13:17:00	47820	-5.125478e+00	3.917815e+00	4.505578e+00	-5.198463e+00	-2.275654e+00	8.566736e+00	4.495728e+00	-5.217275e+00	4.521130e+00	-5.186297e+00	-6.121303e+00	3.117484e+00
9/29	13:18:00	47880	-5.383087e+00	3.828475e+00	4.569512e+00	-5.273367e+00	-2.275126e+00	8.713068e+00	4.556680e+00	-5.294426e+00	4.579819e+00	-5.265648e+00	-6.047799e+00	3.291900e+00
9/29	13:19:00	47940	-5.640435e+00	3.737558e+00	4.633541e+00	-5.348526e+00	-2.276077e+00	8.859670e+00	4.617776e+00	-5.371824e+00	4.638669e+00	-5.344674e+00	-5.973473e+00	3.467796e+00
9/29	13:20:00	48000	-5.898038e+00	3.645157e+00	4.697719e+00	-5.423800e+00	-2.278424e+00	9.006617e+00	4.679061e+00	-5.449329e+00	4.697719e+00	-5.423800e+00	-5.898038e+00	3.645157e+00
9/29	13:21:00	48060	-6.099221e+00	3.540706e+00	4.736127e+00	-5.457212e+00	-2.323867e+00	9.046139e+00	4.715030e+00	-5.484627e+00	4.730947e+00	-5.461102e+00	-5.759107e+00	3.816192e+00
9/29	13:22:00	48120	-6.305187e+00	3.431821e+00	4.774302e+00	-5.489535e+00	-2.371688e+00	9.083681e+00	4.750707e+00	-5.519335e+00	4.763787e+00	-5.497864e+00	-5.611921e+00	3.991231e+00
9/29	13:23:00	48180	-6.516360e+00	3.318381e+00	4.812107e+00	-5.520427e+00	-2.422101e+00	9.119133e+00	4.785946e+00	-5.553399e+00	4.796080e+00	-5.534030e+00	-5.455672e+00	4.170341e+00
9/29	13:24:00	48240	-6.733211e+00	3.199952e+00	4.849473e+00	-5.550174e+00	-2.475353e+00	9.152390e+00	4.820673e+00	-5.586510e+00	4.827739e+00	-5.569301e+00	-5.289322e+00	4.353641e+00
9/29	13:25:00	48300	-6.956133e+00	3.076197e+00	4.886659e+00	-5.578604e+00	-2.531816e+00	9.183291e+00	4.854550e+00	-5.618505e+00	4.858412e+00	-5.603515e+00	-5.111673e+00	4.541135e+00
9/29	13:26:00	48360	-7.185691e+00	2.946704e+00	4.923863e+00	-5.605489e+00	-2.591946e+00	9.211644e+00	4.887189e+00	-5.649170e+00	4.887697e+00	-5.636456e+00	-4.921113e+00	4.732767e+00
9/29	13:27:00	48420	-7.423194e+00	2.810953e+00	4.960251e+00	-5.630514e+00	-2.656188e+00	9.237206e+00	4.918597e+00	-5.678201e+00	4.915558e+00	-5.667828e+00	-4.715023e+00	4.928384e+00
9/29	13:28:00	48480	-7.670041e+00	2.668227e+00	4.995420e+00	-5.653202e+00	-2.725301e+00	9.259651e+00	4.948299e+00	-5.705138e+00	4.941478e+00	-5.697169e+00	-4.489856e+00	5.127630e+00
9/29	13:29:00	48540	-7.928370e+00	2.517483e+00	5.028681e+00	-5.672786e+00	-2.800448e+00	9.278510e+00	4.975496e+00	-5.729233e+00	4.964581e+00	-5.723734e+00	-4.239940e+00	5.329759e+00
9/29	13:30:00	48600	-8.201915e+00	2.356981e+00	5.058687e+00	-5.687871e+00	-2.883664e+00	9.293020e+00	4.998648e+00	-5.749122e+00	4.983194e+00	-5.746155e+00	-3.954950e+00	5.533148e+00
9/29	13:31:00	48660	-8.499067e+00	2.182998e+00	5.082138e+00	-5.695241e+00	-2.979516e+00	9.301585e+00	5.014012e+00	-5.761635e+00	4.993263e+00	-5.761250e+00	-3.610828e+00	5.733543e+00
9/29	13:32:00	48720	-8.863192e+00	1.977125e+00	5.080919e+00	-5.678155e+00	-3.111575e+00	9.296495e+00	5.001210e+00	-5.750216e+00	4.972753e+00	-5.752370e+00	-3.080114e+00	5.907119e+00
9/29	13:33:00	48780	-9.221482e+00	1.768788e+00	5.085327e+00	-5.663006e+00	-3.240318e+00	9.289685e+00	4.993843e+00	-5.741023e+00	4.954409e+00	-5.745838e+00	-2.571779e+00	6.091393e+00
9/29	13:34:00	48840	-9.527640e+00	1.577607e+00	5.116006e+00	-5.668733e+00	-3.340542e+00	9.289392e+00	5.015263e+00	-5.752831e+00	4.966543e+00	-5.760550e+00	-2.229630e+00	6.315116e+00
9/29	13:35:00	48900	-9.823107e+00	1.385754e+00	5.157856e+00	-5.679998e+00	-3.434660e+00	9.288257e+00	5.048501e+00	-5.770483e+00	4.991085e+00	-5.781270e+00	-1.939676e+00	6.557739e+00
9/29	13:36:00	48960	-1.011862e+01	1.187263e+00	5.211316e+00	-5.692108e+00	-3.528430e+00	9.283747e+00	5.093722e+00	-5.789367e+00	5.027970e+00	-5.803378e+00	-1.685961e+00	6.813842e+00
9/29	13:37:00	49020	-1.043182e+01	9.692788e-01	5.288641e+00	-5.693233e+00	-3.631271e+00	9.270292e+00	5.163199e+00	-5.797817e+00	5.089635e+00	-5.815154e+00	-1.478390e+00	7.066632e+00
9/29	13:38:00	49080	-1.072571e+01	7.607868e-01	5.352003e+00	-5.714161e+00	-3.723485e+00	9.260245e+00	5.218620e+00	-5.826401e+00	5.136952e+00	-5.847392e+00	-1.258376e+00	7.366921e+00
9/29	13:39:00	49140	-1.101706e+01	5.481864e-01	5.416363e+00	-5.744936e+00	-3.813975e+00	9.247770e+00	5.275082e+00	-5.865379e+00	5.185294e+00	-5.890348e+00	-1.045702e+00	7.704707e+00
9/29	13:40:00	49200	-1.131173e+01	3.258154e-01	5.486236e+00	-5.785057e+00	-3.905870e+00	9.230324e+00	5.337125e+00	-5.914452e+00	5.239284e+00	-5.944933e+00	-8.450412e-01	8.088305e+00
9/29	13:41:00	49260	-1.161651e+01	8.535313e-02	5.567036e+00	-5.838420e+00	-4.002797e+00	9.204068e+00	5.410211e+00	-5.977936e+00	5.304494e+00	-6.016966e+00	-6.624324e-01	8.543900e+00
9/29	13:42:00	49320	-1.195837e+01	-2.107230e-01	5.682465e+00	-5.930221e+00	-4.119206e+00	9.151675e+00	5.518310e+00	-6.083101e+00	5.405438e+00	-6.135302e+00	-5.286351e-01	9.207672e+00
9/29	13:43:00	49380	-1.229271e+01	-4.992073e-01	5.791543e+00	-6.015087e+00	-4.231226e+00	9.101628e+00	5.619967e+00	-6.181142e+00	5.499753e+00	-6.246975e+00	-3.873229e-01	9.840783e+00
9/29	13:44:00	49440	-1.259343e+01	-7.429253e-01	5.870827e+00	-6.067889e+00	-4.324851e+00	9.071371e+00	5.691451e+00	-6.244806e+00	5.563149e+00	-6.321501e+00	-2.071463e-01	1.030575e+01
9/29	13:45:00	49500	-1.288298e+01	-9.734102e-01	5.940580e+00	-6.110682e+00	-4.412078e+00	9.046640e+00	5.753246e+00	-6.297853e+00	5.616549e+00	-6.384756e+00	-1.531830e-02	1.072006e+01
9/29	13:46:00	49560	-1.316573e+01	-1.196660e+00	6.004626e+00	-6.147549e+00	-4.495224e+00	9.024760e+00	5.809213e+00	-6.344684e+00	5.663884e+00	-6.441506e+00	1.832324e-01	1.110564e+01
9/29	13:47:00	49620	-1.344373e+01	-1.415406e+00	6.064680e+00	-6.180279e+00	-4.575369e+00	9.004521e+00	5.861079e+00	-6.387225e+00	5.706915e+00	-6.493839e+00	3.864224e-01	1.147223e+01
9/29	13:48:00	49680	-1.371816e+01	-1.631207e+00	6.121698e+00	-6.209843e+00	-4.653140e+00	8.985231e+00	5.909805e+00	-6.426523e+00	5.746614e+00	-6.542886e+00	5.931824e-01	1.182523e+01
9/29	13:49:00	49740	-1.398982e+01	-1.845068e+00	6.176282e+00	-6.236830e+00	-4.728945e+00	8.966452e+00	5.955993e+00	-6.463221e+00	5.783591e+00	-6.589341e+00	8.029034e-01	1.216801e+01
9/29	13:50:00	49800	-1.425928e+01	-2.057685e+00	6.228835e+00	-6.261628e+00	-4.803078e+00	8.947874e+00	6.000047e+00	-6.497737e+00	5.818255e+00	-6.633662e+00	1.015216e+00	1.250284e+01
9/29	13:51:00	49860	-1.439954e+01	-2.086522e+00	6.313711e+00	-6.315769e+00	-4.989145e+00	8.901001e+00	6.084194e+00	-6.554399e+00	5.897309e+00	-6.696332e+00	1.093474e+00	1.275202e+01
9/29	13:52:00	49920	-1.453616e+01	-2.113746e+00	6.397072e+00	-6.368274e+00	-5.174923e+00	8.852359e+00	6.166880e+00	-6.609315e+00	5.974905e+00	-6.757216e+00	1.172225e+00	1.299619e+01
9/29	13:53:00	49980	-1.466927e+01	-2.139496e+00	6.479035e+00	-6.419240e+00	-5.360568e+00	8.801837e+00	6.248226e+00	-6.662592e+00	6.051163e+00	-6.816432e+00	1.251412e+00	1.323592e+01
9/29	13:54:00	50040	-1.479899e+01	-2.163882e+00	6.559699e+00	-6.468743e+00	-5.546216e+00	8.749341e+00	6.328328e+00	-6.714313e+00	6.126180e+00	-6.874071e+00	1.330994e+00	1.347167e+01
9/29	13:55:00	50100	-1.492539e+01	-2.186988e+00	6.639137e+00	-6.516838e+00	-5.731982e+00	8.694781e+00	6.407263e+00	-6.764538e+00	6.200029e+00	-6.930203e+00	1.410943e+00	1.370378e+01
9/29	13:56:00	50160	-1.504855e+01	-2.208889e+00	6.717409e+00	-6.563570e+00	-5.917969e+00	8.638079e+00	6.485093e+00	-6.813316e+00	6.272776e+00	-6.984880e+00	1.491240e+00	1.393258e+01
9/29	13:57:00	50220	-1.516850e+01	-2.229640e+00	6.794562e+00	-6.608971e+00	-6.104265e+00	8.579154e+00	6.561865e+00	-6.860682e+00	6.344465e+00	-7.038146e+00	1.571871e+00	1.415828e+01
9/29	13:58:00	50280	-1.528527e+01	-2.249291e+00	6.870636e+00	-6.653063e+00	-6.290949e+00	8.517933e+00	6.637619e+00	-6.906660e+00	6.415134e+00	-7.090027e+00	1.652826e+00	1.438111e+01
9/29	13:59:00	50340	-1.539888e+01	-2.267869e+00	6.945611e+00	-6.695855e+00	-6.478096e+00	8.454347e+00	6.712337e+00	-6.951261e+00	6.484776e+00	-7.140529e+00	1.734092e+00	1.460123e+01
9/29	14:00:00	50400	-1.550930e+01	-2.285428e+00	7.019602e+00	-6.737369e+00	-6.665759e+00	8.388316e+00	6.786137e+00	-6.994510e+00	6.553491e+00	-7.189701e+00	1.815680e+00	1.481875e+01
9/29	14:01:00	50460	-1.736806e+01	-6.582042e-01	1.733954e+01	6.458057e-01	-7.477504e+00	9.232477e+00	7.497328e+00	-9.243014e+00	-6.451014e-02	-1.676014e+01	7.320875e-02	1.678308e+01
9/29	14:02:00	50520	-1.736937e+01	-6.605125e-01	1.734077e+01	6.480272e-01	-7.433386e+00	9.275592e+00	7.453254e+00	-9.285747e+00	-3.783683e-02	-1.673255e+01	4.643905e-02	1.675531e+01
9/29	14:03:00	50580	-1.737034e+01	-6.627366e-01	1.734166e+01	6.501647e-01	-7.389088e+00	9.318634e+00	7.409125e+00	-9.328502e+00	-1.104377e-02	-1.670460e+01	1.955032e-02	1.672716e+01
9/29	14:04:00	50640	-1.737096e+01	-6.648729e-01	1.734221e+01	6.522139e-01	-7.344601e+00	9.361607e+00	7.364807e+00	-9.371188e+00	1.587726e-02	-1.667627e+01	-7.466502e-03	1.669863e+01
9/29	14:05:00	50700	-1.737123e+01	-6.669154e-01	1.734241e+01	6.541694e-01	-7.299919e+00	9.404517e+00	7.320291e+00	-9.413809e+00	4.293613e-02	-1.664754e+01	-3.462185e-02	1.666970e+01
9/29	14:06:00	50760	-1.737115e+01	-6.688721e-01	1.734226e+01	6.560391e-01	-7.255047e+00	9.447357e+00	7.275584e+00	-9.456359e+00	7.012109e-02	-1.661844e+01	-6.190249e-02	1.664039e+01
9/29	14:07:00	50820	-1.737073e+01	-6.707370e-01	1.734176e+01	6.578164e-01	-7.209977e+00	9.490134e+00	7.230676e+00	-9.498844e+00	9.744305e-02	-1.658893e+01	-8.932027e-02	1.661068e+01
9/29	14:08:00	50880	-1.736994e+01	-6.725051e-01	1.734091e+01	6.594977e-01	-7.164701e+00	9.532852e+00	7.185563e+00	-9.541268e+00	1.249099e-01	-1.655902e+01	-1.168835e-01	1.658056e+01
9/29	14:09:00	50940	-1.736879e+01	-6.741835e-01	1.733970e+01	6.610891e-01	-7.119225e+00	9.575506e+00	7.140246e+00	-9.583626e+00	1.525119e-01	-1.652870e+01	-1.445819e-01	1.655004e+01
9/29	14:10:00	51000	-1.736728e+01	-6.757658e-01	1.733813e+01	6.625838e-01	-7.073541e+00	9.618099e+00	7.094865e+00	-9.626016e+00	1.802601e-01	-1.649801e+01	-1.724257e-01	1.651911e+01
9/29	14:11:00	51060	-1.736540e+01	-6.772485e-01	1.733618e+01	6.639788e-01	-7.027640e+00	9.660639e+00	7.049122e+00	-9.668257e+00	2.081620e-01	-1.646686e+01	-2.004233e-01	1.648775e+01
9/29	14:12:00	51120	-1.736316e+01	-6.786379e-01	1.733388e+01	6.652806e-01	-6.981526e+00	9.703118e+00	7.003167e+00	-9.710435e+00	2.362075e-01	-1.643530e+01	-2.285643e-01	1.645597e+01
9/29	14:13:00	51180	-1.736054e+01	-6.799271e-01	1.733120e+01	6.664824e-01	-6.935193e+00	9.745543e+00	6.956990e+00	-9.752557e+00	2.644081e-01	-1.640331e+01	-2.568620e-01	1.642377e+01
9/29	14:14:00	51240	-1.735754e+01	-6.811112e-01	1.732814e+01	6.675794e-01	-6.888632e+00	9.787918e+00	6.910582e+00	-9.794628e+00	2.927729e-01	-1.637088e+01	-2.853225e-01	1.639112e+01
9/29	14:15:00	51300	-1.735416e+01	-6.821978e-01	1.732470e+01	6.685780e-01	-6.841846e+00	9.830238e+00	6.863949e+00	-9.836642e+00	3.212928e-01	-1.633801e+01	-3.139383e-01	1.635804e+01
9/29	14:16:00	51360	-1.553262e+01	-2.275011e+00	6.901030e+00	-6.784288e+00	-5.917041e+00	9.092774e+00	6.659207e+00	-7.042080e+00	6.444704e+00	-7.212941e+00	1.444717e+00	1.422155e+01
9/29	14:17:00	51420	-1.553076e+01	-2.273189e+00	6.892071e+00	-6.785946e+00	-5.868310e+00	9.136497e+00	6.649764e+00	-7.043697e+00	6.436453e+00	-7.212962e+00	1.420777e+00	1.417929e+01
9/29	14:18:00	51480	-1.552850e+01	-2.271214e+00	6.882915e+00	-6.787436e+00	-5.819326e+00	9.180194e+00	6.640129e+00	-7.045137e+00	6.428015e+00	-7.212799e+00	1.396754e+00	1.413639e+01
9/29	14:19:00	51540	-1.552580e+01	-2.269077e+00	6.873554e+00	-6.788760e+00	-5.770078e+00	9.223871e+00	6.630294e+00	-7.046398e+00	6.419383e+00	-7.212446e+00	1.372643e+00	1.409281e+01
9/29	14:20:00	51600	-1.552268e+01	-2.266771e+00	6.863982e+00	-6.789911e+00	-5.720556e+00	9.267537e+00	6.620253e+00	-7.047477e+00	6.410553e+00	-7.211900e+00	1.348436e+00	1.404852e+01
9/29	14:21:00	51660	-1.551912e+01	-2.264298e+00	6.854198e+00	-6.790887e+00	-5.670762e+00	9.311187e+00	6.610003e+00	-7.048369e+00	6.401521e+00	-7.211156e+00	1.324148e+00	1.400352e+01
9/29	14:22:00	51720	-1.551512e+01	-2.261649e+00	6.844194e+00	-6.791685e+00	-5.620684e+00	9.354826e+00	6.599540e+00	-7.049070e+00	6.392282e+00	-7.210210e+00	1.299772e+00	1.395779e+01
9/29	14:23:00	51780	-1.551066e+01	-2.258815e+00	6.833967e+00	-6.792299e+00	-5.570312e+00	9.398464e+00	6.588856e+00	-7.049577e+00	6.382831e+00	-7.209058e+00	1.275304e+00	1.391128e+01
9/29	14:24:00	51840	-1.550574e+01	-2.255798e+00	6.823510e+00	-6.792726e+00	-5.519647e+00	9.442095e+00	6.577948e+00	-7.049883e+00	6.373162e+00	-7.207693e+00	1.250756e+00	1.386400e+01
9/29	14:25:00	51900	-1.550036e+01	-2.252589e+00	6.812819e+00	-6.792962e+00	-5.468676e+00	9.485726e+00	6.566809e+00	-7.049984e+00	6.363271e+00	-7.206110e+00	1.226123e+00	1.381591e+01
9/29	14:26:00	51960	-1.549449e+01	-2.249175e+00	6.801884e+00	-6.792998e+00	-5.417386e+00	9.529366e+00	6.555432e+00	-7.049875e+00	6.353148e+00	-7.204301e+00	1.201401e+00	1.376698e+01
9/29	14:27:00	52020	-1.548814e+01	-2.245560e+00	6.790702e+00	-6.792833e+00	-5.365779e+00	9.573011e+00	6.543812e+00	-7.049549e+00	6.342791e+00	-7.202264e+00	1.176604e+00	1.371719e+01
9/29	14:28:00	52080	-1.548130e+01	-2.241730e+00	6.779265e+00	-6.792458e+00	-5.313840e+00	9.616670e+00	6.531942e+00	-7.049000e+00	6.332190e+00	-7.199988e+00	1.151727e+00	1.366650e+01
9/29	14:29:00	52140	-1.547394e+01	-2.237673e+00	6.767562e+00	-6.791869e+00	-5.261556e+00	9.660350e+00	6.519811e+00	-7.048221e+00	6.321337e+00	-7.197467e+00	1.126767e+00	1.361487e+01
9/29	14:30:00	52200	-1.546606e+01	-2.233388e+00	6.755591e+00	-6.791057e+00	-5.208926e+00	9.704048e+00	6.507415e+00	-7.047204e+00	6.310226e+00	-7.194694e+00	1.101738e+00	1.356229e+01
9/29	14:31:00	52260	-1.541196e+01	-2.162766e+00	6.755714e+00	-6.801352e+00	-5.196823e+00	9.737906e+00	6.509939e+00	-7.054690e+00	6.315626e+00	-7.199029e+00	1.027596e+00	1.347982e+01
9/29	14:32:00	52320	-1.535730e+01	-2.091614e+00	6.755578e+00	-6.811428e+00	-5.184459e+00	9.771950e+00	6.512201e+00	-7.061946e+00	6.320757e+00	-7.203130e+00	9.533100e-01	1.339605e+01
9/29	14:33:00	52380	-1.530206e+01	-2.019944e+00	6.755199e+00	-6.821296e+00	-5.171829e+00	9.806176e+00	6.514222e+00	-7.068982e+00	6.325640e+00	-7.206998e+00	8.789185e-01	1.331091e+01
9/29	14:34:00	52440	-1.524621e+01	-1.947718e+00	6.754560e+00	-6.830944e+00	-5.158916e+00	9.840600e+00	6.515985e+00	-7.075781e+00	6.330259e+00	-7.210618e+00	8.044209e-01	1.322431e+01
9/29	14:35:00	52500	-1.518973e+01	-1.874897e+00	6.753644e+00	-6.840355e+00	-5.145704e+00	9.875240e+00	6.517472e+00	-7.082328e+00	6.334598e+00	-7.213972e+00	7.298157e-01	1.313615e+01
9/29	14:36:00	52560	-1.513260e+01	-1.801468e+00	6.752435e+00	-6.849512e+00	-5.132187e+00	9.910099e+00	6.518668e+00	-7.088602e+00	6.338639e+00	-7.217038e+00	6.551410e-01	1.304634e+01
9/29	14:37:00	52620	-1.507478e+01	-1.727388e+00	6.750911e+00	-6.858395e+00	-5.118346e+00	9.945198e+00	6.519550e+00	-7.094583e+00	6.342360e+00	-7.219793e+00	5.804018e-01	1.295476e+01
9/29	14:38:00	52680	-1.501623e+01	-1.652603e+00	6.749048e+00	-6.866982e+00	-5.104157e+00	9.980558e+00	6.520093e+00	-7.100245e+00	6.345737e+00	-7.222211e+00	5.056069e-01	1.286126e+01
9/29	14:39:00	52740	-1.495691e+01	-1.577045e+00	6.746778e+00	-6.875199e+00	-5.089604e+00	1.001621e+01	6.520228e+00	-7.105517e+00	6.348691e+00	-7.224229e+00	4.308177e-01	1.276578e+01
9/29	14:40:00	52800	-1.489681e+01	-1.500736e+00	6.744151e+00	-6.883107e+00	-5.074674e+00	1.005214e+01	6.520011e+00	-7.110451e+00	6.351292e+00	-7.225874e+00	3.560260e-01	1.266802e+01
9/29	14:41:00	52860	-1.483584e+01	-1.423565e+00	6.741089e+00	-6.890626e+00	-5.059331e+00	1.008841e+01	6.519361e+00	-7.114967e+00	6.353454e+00	-7.227075e+00	2.812677e-01	1.256782e+01
9/29	14:42:00	52920	-1.477398e+01	-1.345486e+00	6.737556e+00	-6.897716e+00	-5.043556e+00	1.012502e+01	6.518239e+00	-7.119022e+00	6.355136e+00	-7.227783e+00	2.066069e-01	1.246499e+01
9/29	14:43:00	52980	-1.471116e+01	-1.266407e+00	6.733501e+00	-6.904326e+00	-5.027312e+00	1.016202e+01	6.516597e+00	-7.122561e+00	6.356287e+00	-7.227941e+00	1.320845e-01	1.235921e+01
9/29	14:44:00	53040	-1.464728e+01	-1.186220e+00	6.728863e+00	-6.910396e+00	-5.010555e+00	1.019946e+01	6.514371e+00	-7.125518e+00	6.356845e+00	-7.227478e+00	5.775505e-02	1.225015e+01
9/29	14:45:00	53100	-1.458228e+01	-1.104836e+00	6.723572e+00	-6.915853e+00	-4.993249e+00	1.023738e+01	6.511494e+00	-7.127817e+00	6.356741e+00	-7.226309e+00	-1.627720e-02	1.213744e+01
9/29	14:46:00	53160	-1.451605e+01	-1.022098e+00	6.717541e+00	-6.920605e+00	-4.975331e+00	1.027584e+01	6.507874e+00	-7.129355e+00	6.355882e+00	-7.224326e+00	-8.991893e-02	1.202055e+01
9/29	14:47:00	53220	-1.444843e+01	-9.378186e-01	6.710652e+00	-6.924531e+00	-4.956725e+00	1.031492e+01	6.503396e+00	-7.130005e+00	6.354149e+00	-7.221389e+00	-1.630417e-01	1.189882e+01
9/29	14:48:00	53280	-1.437928e+01	-8.517868e-01	6.702764e+00	-6.927479e+00	-4.937353e+00	1.035473e+01	6.497916e+00	-7.129602e+00	6.351397e+00	-7.217322e+00	-2.354437e-01	1.177146e+01
9/29	14:49:00	53340	-1.430836e+01	-7.636799e-01	6.693677e+00	-6.929235e+00	-4.917087e+00	1.039540e+01	6.491231e+00	-7.127917e+00	6.347419e+00	-7.211874e+00	-3.068818e-01	1.163730e+01
9/29	14:50:00	53400	-1.423533e+01	-6.730446e-01	6.683105e+00	-6.929495e+00	-4.895750e+00	1.043714e+01	6.483054e+00	-7.124620e+00	6.341921e+00	-7.204689e+00	-3.769999e-01	1.149471e+01
9/29	14:51:00	53460	-1.415974e+01	-5.792386e-01	6.670625e+00	-6.927798e+00	-4.873098e+00	1.048023e+01	6.472959e+00	-7.119217e+00	6.334468e+00	-7.195231e+00	-4.452112e-01	1.134125e+01
9/29	14:52:00	53520	-1.408078e+01	-4.811306e-01	6.655515e+00	-6.923358e+00	-4.848699e+00	1.052519e+01	6.460212e+00	-7.110861e+00	6.324313e+00	-7.182580e+00	-5.105643e-01	1.117273e+01
9/29	14:53:00	53580	-1.399579e+01	-3.750006e-01	6.635394e+00	-6.913587e+00	-4.821139e+00	1.057370e+01	6.442409e+00	-7.096762e+00	6.308998e+00	-7.163688e+00	-5.698735e-01	1.097534e+01
9/29	14:54:00	53640	-1.389817e+01	-2.515381e-01	6.604258e+00	-6.891923e+00	-4.786881e+00	1.062998e+01	6.413476e+00	-7.069849e+00	6.282316e+00	-7.130846e+00	-6.149958e-01	1.071418e+01
9/29	14:55:00	53700	-1.379952e+01	-1.271345e-01	6.572558e+00	-6.869672e+00	-4.752131e+00	1.068648e+01	6.383986e+00	-7.042339e+00	6.255078e+00	-7.097525e+00	-6.599842e-01	1.045020e+01
9/29	14:56:00	53760	-1.370425e+01	-8.063070e-03	6.544343e+00	-6.851263e+00	-4.719264e+00	1.074036e+01	6.358036e+00	-7.019010e+00	6.231473e+00	-7.068955e+00	-7.103350e-01	1.020697e+01
9/29	14:57:00	53820	-1.361994e+01	9.504719e-02	6.526490e+00	-6.844268e+00	-4.692326e+00	1.078683e+01	6.342582e+00	-7.008005e+00	6.218607e+00	-7.053951e+00	-7.754108e-01	1.002434e+01
9/29	14:58:00	53880	-1.353875e+01	1.932102e-01	6.511960e+00	-6.841062e+00	-4.667122e+00	1.083093e+01	6.330501e+00	-7.001093e+00	6.209199e+00	-7.043493e+00	-8.457898e-01	9.861505e+00
9/29	14:59:00	53940	-1.345944e+01	2.881154e-01	6.499685e+00	-6.840527e+00	-4.642996e+00	1.087344e+01	6.320717e+00	-6.997066e+00	6.202148e+00	-7.036241e+00	-9.201102e-01	9.712281e+00
9/29	15:00:00	54000	-1.338138e+01	3.806600e-01	6.489089e+00	-6.842072e+00	-4.619596e+00	1.091476e+01	6.312645e+00	-6.995280e+00	6.196858e+00	-7.031485e+00	-9.976206e-01	9.573416e+00
9/29	15:01:00	54060	-1.338485e+01	3.337476e-01	6.477052e+00	-6.822997e+00	-4.618994e+00	1.086545e+01	6.299812e+00	-6.977443e+00	6.182938e+00	-7.015005e+00	-9.559600e-01	9.616249e+00
9/29	15:02:00	54120	-1.338836e+01	2.865930e-01	6.465358e+00	-6.804400e+00	-4.618475e+00	1.081601e+01	6.287336e+00	-6.960113e+00	6.169394e+00	-6.999080e+00	-9.152507e-01	9.660988e+00
9/29	15:03:00	54180	-1.339200e+01	2.390937e-01	6.454061e+00	-6.786330e+00	-4.618084e+00	1.076641e+01	6.275271e+00	-6.943340e+00	6.156279e+00	-6.983769e+00	-8.755236e-01	9.707937e+00
9/29	15:04:00	54240	-1.339583e+01	1.911699e-01	6.443219e+00	-6.768846e+00	-4.617855e+00	1.071660e+01	6.263675e+00	-6.927188e+00	6.143653e+00	-6.969141e+00	-8.368615e-01	9.757405e+00
9/29	15:05:00	54300	-1.339992e+01	1.427163e-01	6.432899e+00	-6.752020e+00	-4.617826e+00	1.066654e+01	6.252620e+00	-6.911738e+00	6.131591e+00	-6.955283e+00	-7.993650e-01	9.809788e+00
9/29	15:06:00	54360	-1.340441e+01	9.354289e-02	6.423212e+00	-6.735961e+00	-4.618073e+00	1.061614e+01	6.242214e+00	-6.897107e+00	6.120201e+00	-6.942327e+00	-7.631407e-01	9.865714e+00
9/29	15:07:00	54420	-1.340946e+01	4.344438e-02	6.414294e+00	-6.720813e+00	-4.618675e+00	1.056530e+01	6.232594e+00	-6.883451e+00	6.109625e+00	-6.930445e+00	-7.283786e-01	9.925966e+00
9/29	15:08:00	54480	-1.341527e+01	-7.881384e-03	6.406339e+00	-6.706786e+00	-4.619748e+00	1.051389e+01	6.223960e+00	-6.870995e+00	6.100066e+00	-6.919886e+00	-6.953464e-01	9.991780e+00
9/29	15:09:00	54540	-1.342417e+01	-6.368802e-02	6.401425e+00	-6.696138e+00	-4.622530e+00	1.046043e+01	6.218412e+00	-6.862177e+00	6.093671e+00	-6.913316e+00	-6.668120e-01	1.007489e+01
9/29	15:10:00	54600	-1.343626e+01	-1.241294e-01	6.399648e+00	-6.688955e+00	-4.627081e+00	1.040483e+01	6.216046e+00	-6.857094e+00	6.090539e+00	-6.910854e+00	-6.428950e-01	1.017621e+01
9/29	15:11:00	54660	-1.344792e+01	-1.841294e-01	6.397737e+00	-6.681670e+00	-4.631468e+00	1.034939e+01	6.213555e+00	-6.851899e+00	6.087290e+00	-6.908305e+00	-6.191892e-01	1.027661e+01
9/29	15:12:00	54720	-1.345900e+01	-2.434194e-01	6.395514e+00	-6.674083e+00	-4.635595e+00	1.029425e+01	6.210759e+00	-6.846378e+00	6.083740e+00	-6.905435e+00	-5.954187e-01	1.037507e+01
9/29	15:13:00	54780	-1.346953e+01	-3.020808e-01	6.393034e+00	-6.666254e+00	-4.639491e+00	1.023936e+01	6.207711e+00	-6.840594e+00	6.079943e+00	-6.902309e+00	-5.716698e-01	1.047188e+01
9/29	15:14:00	54840	-1.347966e+01	-3.603064e-01	6.390429e+00	-6.658329e+00	-4.643228e+00	1.018464e+01	6.204546e+00	-6.834707e+00	6.076036e+00	-6.899103e+00	-5.481255e-01	1.056781e+01
9/29	15:15:00	54900	-1.348569e+01	-4.128775e-01	6.384355e+00	-6.646682e+00	-4.644833e+00	1.013249e+01	6.197881e+00	-6.824799e+00	6.068562e+00	-6.891500e+00	-5.202699e-01	1.064337e+01
